#
# There is insufficient memory for the Java Runtime Environment to continue.
# Native memory allocation (mmap) failed to map 24117248 bytes for G1 virtual space
# Possible reasons:
#   The system is out of physical RAM or swap space
#   The process is running with CompressedOops enabled, and the Java Heap may be blocking the growth of the native heap
# Possible solutions:
#   Reduce memory load on the system
#   Increase physical memory or swap space
#   Check if swap backing store is full
#   Decrease Java heap size (-Xmx/-Xms)
#   Decrease number of Java threads
#   Decrease Java thread stack sizes (-Xss)
#   Set larger code cache with -XX:ReservedCodeCacheSize=
#   JVM is running with Unscaled Compressed Oops mode in which the Java heap is
#     placed in the first 4GB address space. The Java Heap base address is the
#     maximum limit for the native heap growth. Please use -XX:HeapBaseMinAddress
#     to set the Java Heap base and to place the Java Heap above 4GB virtual address.
# This output file may be truncated or incomplete.
#
#  Out of Memory Error (os_windows.cpp:3600), pid=13228, tid=3928
#
# JRE version: Java(TM) SE Runtime Environment (21.0.2+13) (build 21.0.2+13-LTS-58)
# Java VM: Java HotSpot(TM) 64-Bit Server VM (21.0.2+13-LTS-58, mixed mode, sharing, tiered, compressed oops, compressed class ptrs, g1 gc, windows-amd64)
# No core dump will be written. Minidumps are not enabled by default on client versions of Windows
#

---------------  S U M M A R Y ------------

Command Line: -javaagent:C:\Program Files\JetBrains\IntelliJ IDEA Community Edition 2023.3.4\lib\idea_rt.jar=63426:C:\Program Files\JetBrains\IntelliJ IDEA Community Edition 2023.3.4\bin -Dfile.encoding=UTF-8 -Dsun.stdout.encoding=UTF-8 -Dsun.stderr.encoding=UTF-8 Sudoku.SudokuMain

Host: AMD A8-7410 APU with AMD Radeon R5 Graphics    , 4 cores, 3G,  Windows 10 , 64 bit Build 19041 (10.0.19041.5072)
Time: Sun Dec 15 10:33:08 2024 SE Asia Standard Time elapsed time: 36.063161 seconds (0d 0h 0m 36s)

---------------  T H R E A D  ---------------

Current thread (0x000001edbf5f1f30):  VMThread "VM Thread"          [id=3928, stack(0x000000c16c000000,0x000000c16c100000) (1024K)]

Stack: [0x000000c16c000000,0x000000c16c100000]
Native frames: (J=compiled Java code, j=interpreted, Vv=VM code, C=native code)
V  [jvm.dll+0x6cade9]
V  [jvm.dll+0x8569c1]
V  [jvm.dll+0x858d2e]
V  [jvm.dll+0x859413]
V  [jvm.dll+0x280e56]
V  [jvm.dll+0x6c74d5]
V  [jvm.dll+0x6bbeca]
V  [jvm.dll+0x355bca]
V  [jvm.dll+0x35d816]
V  [jvm.dll+0x3ae67e]
V  [jvm.dll+0x3ae928]
V  [jvm.dll+0x3295dc]
V  [jvm.dll+0x32be86]
V  [jvm.dll+0x335dde]
V  [jvm.dll+0x36c045]
V  [jvm.dll+0x85ef18]
V  [jvm.dll+0x860014]
V  [jvm.dll+0x860550]
V  [jvm.dll+0x8607f3]
V  [jvm.dll+0x7ff568]
V  [jvm.dll+0x6c953d]
C  [ucrtbase.dll+0x21bb2]
C  [KERNEL32.DLL+0x17374]
C  [ntdll.dll+0x4cc91]

VM_Operation (0x000000c16bbff940): G1PauseRemark, mode: safepoint, requested by thread 0x000001edbf5777c0


---------------  P R O C E S S  ---------------

Threads class SMR info:
_java_thread_list=0x000001ee207ccee0, length=20, elements={
0x000001edd9eae9f0, 0x000001edd9eb05c0, 0x000001edd9eb52e0, 0x000001edd9eb5d40,
0x000001edd9eb6f40, 0x000001edd9eba190, 0x000001edd9ebd680, 0x000001edd9ec8d10,
0x000001ee1f134e50, 0x000001ee1f271e90, 0x000001ee1f272500, 0x000001ee1f3a0970,
0x000001ee1f39b890, 0x000001ee1f39c380, 0x000001ee1f3f40e0, 0x000001edbf5398b0,
0x000001ee205b23c0, 0x000001ee207e4f10, 0x000001ee207e5580, 0x000001ee20891610
}

Java Threads: ( => current thread )
  0x000001edd9eae9f0 JavaThread "Reference Handler"          daemon [_thread_blocked, id=2600, stack(0x000000c16c100000,0x000000c16c200000) (1024K)]
  0x000001edd9eb05c0 JavaThread "Finalizer"                  daemon [_thread_blocked, id=14076, stack(0x000000c16c200000,0x000000c16c300000) (1024K)]
  0x000001edd9eb52e0 JavaThread "Signal Dispatcher"          daemon [_thread_blocked, id=8712, stack(0x000000c16c300000,0x000000c16c400000) (1024K)]
  0x000001edd9eb5d40 JavaThread "Attach Listener"            daemon [_thread_blocked, id=10412, stack(0x000000c16c400000,0x000000c16c500000) (1024K)]
  0x000001edd9eb6f40 JavaThread "Service Thread"             daemon [_thread_blocked, id=2064, stack(0x000000c16c500000,0x000000c16c600000) (1024K)]
  0x000001edd9eba190 JavaThread "Monitor Deflation Thread"   daemon [_thread_blocked, id=9856, stack(0x000000c16c600000,0x000000c16c700000) (1024K)]
  0x000001edd9ebd680 JavaThread "C2 CompilerThread0"         daemon [_thread_blocked, id=14520, stack(0x000000c16c700000,0x000000c16c800000) (1024K)]
  0x000001edd9ec8d10 JavaThread "C1 CompilerThread0"         daemon [_thread_blocked, id=13308, stack(0x000000c16c800000,0x000000c16c900000) (1024K)]
  0x000001ee1f134e50 JavaThread "Common-Cleaner"             daemon [_thread_blocked, id=10424, stack(0x000000c16c900000,0x000000c16ca00000) (1024K)]
  0x000001ee1f271e90 JavaThread "Monitor Ctrl-Break"         daemon [_thread_in_native, id=8032, stack(0x000000c16ca00000,0x000000c16cb00000) (1024K)]
  0x000001ee1f272500 JavaThread "Notification Thread"        daemon [_thread_blocked, id=7992, stack(0x000000c16cb00000,0x000000c16cc00000) (1024K)]
  0x000001ee1f3a0970 JavaThread "Java2D Disposer"            daemon [_thread_blocked, id=8884, stack(0x000000c16cc00000,0x000000c16cd00000) (1024K)]
  0x000001ee1f39b890 JavaThread "AWT-Shutdown"                      [_thread_blocked, id=13072, stack(0x000000c16cd00000,0x000000c16ce00000) (1024K)]
  0x000001ee1f39c380 JavaThread "AWT-Windows"                daemon [_thread_blocked, id=11588, stack(0x000000c16ce00000,0x000000c16cf00000) (1024K)]
  0x000001ee1f3f40e0 JavaThread "AWT-EventQueue-0"                  [_thread_blocked, id=12984, stack(0x000000c16cf00000,0x000000c16d000000) (1024K)]
  0x000001edbf5398b0 JavaThread "DestroyJavaVM"                     [_thread_blocked, id=640, stack(0x000000c16b900000,0x000000c16ba00000) (1024K)]
  0x000001ee205b23c0 JavaThread "TimerQueue"                 daemon [_thread_blocked, id=15048, stack(0x000000c16d800000,0x000000c16d900000) (1024K)]
  0x000001ee207e4f10 JavaThread "Java Sound Event Dispatcher" daemon [_thread_blocked, id=8584, stack(0x000000c16de00000,0x000000c16df00000) (1024K)]
  0x000001ee207e5580 JavaThread "Direct Clip"                daemon [_thread_blocked, id=928, stack(0x000000c16e100000,0x000000c16e200000) (1024K)]
  0x000001ee20891610 JavaThread "D3D Screen Updater"         daemon [_thread_blocked, id=5000, stack(0x000000c16e300000,0x000000c16e400000) (1024K)]
Total: 20

Other Threads:
=>0x000001edbf5f1f30 VMThread "VM Thread"                           [id=3928, stack(0x000000c16c000000,0x000000c16c100000) (1024K)]
  0x000001edbf5dbc20 WatcherThread "VM Periodic Task Thread"        [id=6804, stack(0x000000c16bf00000,0x000000c16c000000) (1024K)]
  0x000001edbf56f830 WorkerThread "GC Thread#0"                     [id=10180, stack(0x000000c16ba00000,0x000000c16bb00000) (1024K)]
  0x000001ee20536490 WorkerThread "GC Thread#1"                     [id=8660, stack(0x000000c16db00000,0x000000c16dc00000) (1024K)]
  0x000001ee206d5a00 WorkerThread "GC Thread#2"                     [id=14448, stack(0x000000c16dc00000,0x000000c16dd00000) (1024K)]
  0x000001ee206d5da0 WorkerThread "GC Thread#3"                     [id=14200, stack(0x000000c16dd00000,0x000000c16de00000) (1024K)]
  0x000001edbf5777c0 ConcurrentGCThread "G1 Main Marker"            [id=12120, stack(0x000000c16bb00000,0x000000c16bc00000) (1024K)]
  0x000001edbf578960 WorkerThread "G1 Conc#0"                       [id=7516, stack(0x000000c16bc00000,0x000000c16bd00000) (1024K)]
  0x000001edbf5caf20 ConcurrentGCThread "G1 Refine#0"               [id=2248, stack(0x000000c16bd00000,0x000000c16be00000) (1024K)]
  0x000001edbf5cb990 ConcurrentGCThread "G1 Service"                [id=4212, stack(0x000000c16be00000,0x000000c16bf00000) (1024K)]
Total: 10

Threads with active compile tasks:
Total: 0

VM state: at safepoint (normal execution)

VM Mutex/Monitor currently owned by a thread:  ([mutex/lock_event])
[0x00007ff87bc4cd68] Threads_lock - owner thread: 0x000001edbf5f1f30
[0x00007ff87bc4ce68] Heap_lock - owner thread: 0x000001edbf5777c0

Heap address: 0x00000000c8800000, size: 888 MB, Compressed Oops mode: 32-bit

CDS archive(s) mapped at: [0x000001edda000000-0x000001eddac90000-0x000001eddac90000), size 13172736, SharedBaseAddress: 0x000001edda000000, ArchiveRelocationMode: 1.
Compressed class space mapped at: 0x000001eddb000000-0x000001ee1b000000, reserved size: 1073741824
Narrow klass base: 0x000001edda000000, Narrow klass shift: 0, Narrow klass range: 0x100000000

GC Precious Log:
 CardTable entry size: 512
 Card Set container configuration: InlinePtr #cards 5 size 8 Array Of Cards #cards 12 size 40 Howl #buckets 4 coarsen threshold 1843 Howl Bitmap #cards 512 size 80 coarsen threshold 460 Card regions per heap region 1 cards per card region 2048
 CPUs: 4 total, 4 available
 Memory: 3546M
 Large Page Support: Disabled
 NUMA Support: Disabled
 Compressed Oops: Enabled (32-bit)
 Heap Region Size: 1M
 Heap Min Capacity: 8M
 Heap Initial Capacity: 56M
 Heap Max Capacity: 888M
 Pre-touch: Disabled
 Parallel Workers: 4
 Concurrent Workers: 1
 Concurrent Refinement Workers: 4
 Periodic GC: Disabled

Heap:
 garbage-first heap   total 57344K, used 45881K [0x00000000c8800000, 0x0000000100000000)
  region size 1024K, 2 young (2048K), 1 survivors (1024K)
 Metaspace       used 11193K, committed 11456K, reserved 1114112K
  class space    used 1275K, committed 1408K, reserved 1048576K

Heap Regions: E=young(eden), S=young(survivor), O=old, HS=humongous(starts), HC=humongous(continues), CS=collection set, F=free, TAMS=top-at-mark-start, PB=parsable bottom
|   0|0x00000000c8800000, 0x00000000c8900000, 0x00000000c8900000|100%| O|  |TAMS 0x00000000c8900000| PB 0x00000000c8900000| Untracked 
|   1|0x00000000c8900000, 0x00000000c8a00000, 0x00000000c8a00000|100%| O|  |TAMS 0x00000000c8940000| PB 0x00000000c8940000| Untracked 
|   2|0x00000000c8a00000, 0x00000000c8b00000, 0x00000000c8b00000|100%|HS|  |TAMS 0x00000000c8b00000| PB 0x00000000c8a00000| Complete 
|   3|0x00000000c8b00000, 0x00000000c8c00000, 0x00000000c8c00000|100%|HC|  |TAMS 0x00000000c8c00000| PB 0x00000000c8b00000| Complete 
|   4|0x00000000c8c00000, 0x00000000c8d00000, 0x00000000c8d00000|100%|HC|  |TAMS 0x00000000c8d00000| PB 0x00000000c8c00000| Complete 
|   5|0x00000000c8d00000, 0x00000000c8e00000, 0x00000000c8e00000|100%|HC|  |TAMS 0x00000000c8e00000| PB 0x00000000c8d00000| Complete 
|   6|0x00000000c8e00000, 0x00000000c8f00000, 0x00000000c8f00000|100%|HC|  |TAMS 0x00000000c8f00000| PB 0x00000000c8e00000| Complete 
|   7|0x00000000c8f00000, 0x00000000c9000000, 0x00000000c9000000|100%|HC|  |TAMS 0x00000000c9000000| PB 0x00000000c8f00000| Complete 
|   8|0x00000000c9000000, 0x00000000c9100000, 0x00000000c9100000|100%|HC|  |TAMS 0x00000000c9100000| PB 0x00000000c9000000| Complete 
|   9|0x00000000c9100000, 0x00000000c9200000, 0x00000000c9200000|100%|HC|  |TAMS 0x00000000c9200000| PB 0x00000000c9100000| Complete 
|  10|0x00000000c9200000, 0x00000000c9300000, 0x00000000c9300000|100%|HC|  |TAMS 0x00000000c9300000| PB 0x00000000c9200000| Complete 
|  11|0x00000000c9300000, 0x00000000c9400000, 0x00000000c9400000|100%|HC|  |TAMS 0x00000000c9400000| PB 0x00000000c9300000| Complete 
|  12|0x00000000c9400000, 0x00000000c9500000, 0x00000000c9500000|100%|HC|  |TAMS 0x00000000c9500000| PB 0x00000000c9400000| Complete 
|  13|0x00000000c9500000, 0x00000000c9600000, 0x00000000c9600000|100%|HC|  |TAMS 0x00000000c9600000| PB 0x00000000c9500000| Complete 
|  14|0x00000000c9600000, 0x00000000c9700000, 0x00000000c9700000|100%|HC|  |TAMS 0x00000000c9700000| PB 0x00000000c9600000| Complete 
|  15|0x00000000c9700000, 0x00000000c9800000, 0x00000000c9800000|100%|HC|  |TAMS 0x00000000c9800000| PB 0x00000000c9700000| Complete 
|  16|0x00000000c9800000, 0x00000000c9900000, 0x00000000c9900000|100%|HC|  |TAMS 0x00000000c9900000| PB 0x00000000c9800000| Complete 
|  17|0x00000000c9900000, 0x00000000c9a00000, 0x00000000c9a00000|100%|HC|  |TAMS 0x00000000c9a00000| PB 0x00000000c9900000| Complete 
|  18|0x00000000c9a00000, 0x00000000c9b00000, 0x00000000c9b00000|100%|HC|  |TAMS 0x00000000c9b00000| PB 0x00000000c9a00000| Complete 
|  19|0x00000000c9b00000, 0x00000000c9c00000, 0x00000000c9c00000|100%|HC|  |TAMS 0x00000000c9c00000| PB 0x00000000c9b00000| Complete 
|  20|0x00000000c9c00000, 0x00000000c9d00000, 0x00000000c9d00000|100%|HC|  |TAMS 0x00000000c9d00000| PB 0x00000000c9c00000| Complete 
|  21|0x00000000c9d00000, 0x00000000c9e00000, 0x00000000c9e00000|100%|HC|  |TAMS 0x00000000c9e00000| PB 0x00000000c9d00000| Complete 
|  22|0x00000000c9e00000, 0x00000000c9f00000, 0x00000000c9f00000|100%|HC|  |TAMS 0x00000000c9f00000| PB 0x00000000c9e00000| Complete 
|  23|0x00000000c9f00000, 0x00000000ca000000, 0x00000000ca000000|100%|HC|  |TAMS 0x00000000ca000000| PB 0x00000000c9f00000| Complete 
|  24|0x00000000ca000000, 0x00000000ca100000, 0x00000000ca100000|100%|HC|  |TAMS 0x00000000ca100000| PB 0x00000000ca000000| Complete 
|  25|0x00000000ca100000, 0x00000000ca200000, 0x00000000ca200000|100%|HC|  |TAMS 0x00000000ca200000| PB 0x00000000ca100000| Complete 
|  26|0x00000000ca200000, 0x00000000ca300000, 0x00000000ca300000|100%|HC|  |TAMS 0x00000000ca300000| PB 0x00000000ca200000| Complete 
|  27|0x00000000ca300000, 0x00000000ca400000, 0x00000000ca400000|100%|HC|  |TAMS 0x00000000ca400000| PB 0x00000000ca300000| Complete 
|  28|0x00000000ca400000, 0x00000000ca500000, 0x00000000ca500000|100%|HC|  |TAMS 0x00000000ca500000| PB 0x00000000ca400000| Complete 
|  29|0x00000000ca500000, 0x00000000ca600000, 0x00000000ca600000|100%|HC|  |TAMS 0x00000000ca600000| PB 0x00000000ca500000| Complete 
|  30|0x00000000ca600000, 0x00000000ca700000, 0x00000000ca700000|100%|HC|  |TAMS 0x00000000ca700000| PB 0x00000000ca600000| Complete 
|  31|0x00000000ca700000, 0x00000000ca800000, 0x00000000ca800000|100%|HC|  |TAMS 0x00000000ca800000| PB 0x00000000ca700000| Complete 
|  32|0x00000000ca800000, 0x00000000ca900000, 0x00000000ca900000|100%|HC|  |TAMS 0x00000000ca900000| PB 0x00000000ca800000| Complete 
|  33|0x00000000ca900000, 0x00000000caa00000, 0x00000000caa00000|100%|HC|  |TAMS 0x00000000caa00000| PB 0x00000000ca900000| Complete 
|  34|0x00000000caa00000, 0x00000000cab00000, 0x00000000cab00000|100%|HC|  |TAMS 0x00000000cab00000| PB 0x00000000caa00000| Complete 
|  35|0x00000000cab00000, 0x00000000cac00000, 0x00000000cac00000|100%|HC|  |TAMS 0x00000000cac00000| PB 0x00000000cab00000| Complete 
|  36|0x00000000cac00000, 0x00000000cad00000, 0x00000000cad00000|100%|HC|  |TAMS 0x00000000cad00000| PB 0x00000000cac00000| Complete 
|  37|0x00000000cad00000, 0x00000000cae00000, 0x00000000cae00000|100%|HC|  |TAMS 0x00000000cae00000| PB 0x00000000cad00000| Complete 
|  38|0x00000000cae00000, 0x00000000caf00000, 0x00000000caf00000|100%|HC|  |TAMS 0x00000000caf00000| PB 0x00000000cae00000| Complete 
|  39|0x00000000caf00000, 0x00000000cb000000, 0x00000000cb000000|100%|HC|  |TAMS 0x00000000cb000000| PB 0x00000000caf00000| Complete 
|  40|0x00000000cb000000, 0x00000000cb100000, 0x00000000cb100000|100%|HC|  |TAMS 0x00000000cb100000| PB 0x00000000cb000000| Complete 
|  41|0x00000000cb100000, 0x00000000cb200000, 0x00000000cb200000|100%| O|  |TAMS 0x00000000cb100000| PB 0x00000000cb100000| Untracked 
|  42|0x00000000cb200000, 0x00000000cb26aae8, 0x00000000cb300000| 41%| O|  |TAMS 0x00000000cb200000| PB 0x00000000cb200000| Updating 
|  43|0x00000000cb300000, 0x00000000cb400000, 0x00000000cb400000|100%|HS|  |TAMS 0x00000000cb300000| PB 0x00000000cb300000| Complete 
|  44|0x00000000cb400000, 0x00000000cb500000, 0x00000000cb500000|100%|HC|  |TAMS 0x00000000cb400000| PB 0x00000000cb400000| Complete 
|  45|0x00000000cb500000, 0x00000000cb500000, 0x00000000cb600000|  0%| F|  |TAMS 0x00000000cb500000| PB 0x00000000cb500000| Untracked 
|  46|0x00000000cb600000, 0x00000000cb600000, 0x00000000cb700000|  0%| F|  |TAMS 0x00000000cb600000| PB 0x00000000cb600000| Untracked 
|  47|0x00000000cb700000, 0x00000000cb700000, 0x00000000cb800000|  0%| F|  |TAMS 0x00000000cb700000| PB 0x00000000cb700000| Untracked 
|  48|0x00000000cb800000, 0x00000000cb800000, 0x00000000cb900000|  0%| F|  |TAMS 0x00000000cb800000| PB 0x00000000cb800000| Untracked 
|  49|0x00000000cb900000, 0x00000000cb900000, 0x00000000cba00000|  0%| F|  |TAMS 0x00000000cb900000| PB 0x00000000cb900000| Untracked 
|  50|0x00000000cba00000, 0x00000000cba00000, 0x00000000cbb00000|  0%| F|  |TAMS 0x00000000cba00000| PB 0x00000000cba00000| Untracked 
|  51|0x00000000cbb00000, 0x00000000cbb00000, 0x00000000cbc00000|  0%| F|  |TAMS 0x00000000cbb00000| PB 0x00000000cbb00000| Untracked 
|  52|0x00000000cbc00000, 0x00000000cbc63b00, 0x00000000cbd00000| 38%| S|CS|TAMS 0x00000000cbc00000| PB 0x00000000cbc00000| Complete 
|  53|0x00000000cbd00000, 0x00000000cbd00000, 0x00000000cbe00000|  0%| F|  |TAMS 0x00000000cbd00000| PB 0x00000000cbd00000| Untracked 
|  54|0x00000000cbe00000, 0x00000000cbe00000, 0x00000000cbf00000|  0%| F|  |TAMS 0x00000000cbe00000| PB 0x00000000cbe00000| Untracked 
|  55|0x00000000cbf00000, 0x00000000cbf77570, 0x00000000cc000000| 46%| E|  |TAMS 0x00000000cbf00000| PB 0x00000000cbf00000| Complete 

Card table byte_map: [0x000001edd69b0000,0x000001edd6b70000] _byte_map_base: 0x000001edd636c000

Marking Bits: (CMBitMap*) 0x000001edbf56fe30
 Bits: [0x000001edd6b70000, 0x000001edd7950000)

Polling page: 0x000001edbd4b0000

Metaspace:

Usage:
  Non-class:      9.69 MB used.
      Class:      1.25 MB used.
       Both:     10.93 MB used.

Virtual space:
  Non-class space:       64.00 MB reserved,       9.81 MB ( 15%) committed,  1 nodes.
      Class space:        1.00 GB reserved,       1.38 MB ( <1%) committed,  1 nodes.
             Both:        1.06 GB reserved,      11.19 MB (  1%) committed. 

Chunk freelists:
   Non-Class:  6.22 MB
       Class:  14.61 MB
        Both:  20.83 MB

MaxMetaspaceSize: unlimited
CompressedClassSpaceSize: 1.00 GB
Initial GC threshold: 21.00 MB
Current GC threshold: 21.00 MB
CDS: on
 - commit_granule_bytes: 65536.
 - commit_granule_words: 8192.
 - virtual_space_node_default_size: 8388608.
 - enlarge_chunks_in_place: 1.
 - use_allocation_guard: 0.


Internal statistics:

num_allocs_failed_limit: 0.
num_arena_births: 162.
num_arena_deaths: 0.
num_vsnodes_births: 2.
num_vsnodes_deaths: 0.
num_space_committed: 179.
num_space_uncommitted: 0.
num_chunks_returned_to_freelist: 0.
num_chunks_taken_from_freelist: 216.
num_chunk_merges: 0.
num_chunk_splits: 124.
num_chunks_enlarged: 55.
num_inconsistent_stats: 0.

CodeHeap 'non-profiled nmethods': size=120000Kb used=494Kb max_used=494Kb free=119506Kb
 bounds [0x000001edcf480000, 0x000001edcf6f0000, 0x000001edd69b0000]
CodeHeap 'profiled nmethods': size=120000Kb used=2996Kb max_used=2996Kb free=117003Kb
 bounds [0x000001edc79b0000, 0x000001edc7ca0000, 0x000001edceee0000]
CodeHeap 'non-nmethods': size=5760Kb used=1630Kb max_used=1630Kb free=4129Kb
 bounds [0x000001edceee0000, 0x000001edcf150000, 0x000001edcf480000]
 total_blobs=2421 nmethods=1743 adapters=583
 compilation: enabled
              stopped_count=0, restarted_count=0
 full_count=0

Compilation events (20 events):
Event: 35.921 Thread 0x000001edd9ec8d10 1732       3       sun.font.FontStrikeDesc::<init> (144 bytes)
Event: 35.921 Thread 0x000001edd9ec8d10 nmethod 1732 0x000001edc7c98f10 code [0x000001edc7c990c0, 0x000001edc7c99488]
Event: 35.921 Thread 0x000001edd9ec8d10 1735       3       javax.swing.plaf.basic.BasicTextUI$RootView::setSize (17 bytes)
Event: 35.922 Thread 0x000001edd9ec8d10 nmethod 1735 0x000001edc7c99590 code [0x000001edc7c99740, 0x000001edc7c99950]
Event: 35.922 Thread 0x000001edd9ec8d10 1736       3       javax.swing.text.PlainView::setSize (11 bytes)
Event: 35.922 Thread 0x000001edd9ec8d10 nmethod 1736 0x000001edc7c99a10 code [0x000001edc7c99bc0, 0x000001edc7c99de0]
Event: 35.922 Thread 0x000001edd9ec8d10 1737       3       javax.swing.text.View::setSize (1 bytes)
Event: 35.923 Thread 0x000001edd9ec8d10 nmethod 1737 0x000001edc7c99f10 code [0x000001edc7c9a0a0, 0x000001edc7c9a1a8]
Event: 35.923 Thread 0x000001edd9ec8d10 1734       3       sun.font.TrueTypeFont::getMapper (24 bytes)
Event: 35.923 Thread 0x000001edd9ec8d10 nmethod 1734 0x000001edc7c9a210 code [0x000001edc7c9a3c0, 0x000001edc7c9a600]
Event: 35.933 Thread 0x000001edd9ec8d10 1738       3       java.util.IdentityHashMap$IdentityHashMapIterator::<init> (63 bytes)
Event: 35.934 Thread 0x000001edd9ec8d10 nmethod 1738 0x000001edc7c9a710 code [0x000001edc7c9a8c0, 0x000001edc7c9ab68]
Event: 35.969 Thread 0x000001edd9ec8d10 1739       1       java.awt.Window::getContainer (2 bytes)
Event: 35.969 Thread 0x000001edd9ec8d10 nmethod 1739 0x000001edcf4fb210 code [0x000001edcf4fb3a0, 0x000001edcf4fb470]
Event: 35.975 Thread 0x000001edd9ec8d10 1740       3       java.util.ArrayList::isEmpty (13 bytes)
Event: 35.976 Thread 0x000001edd9ec8d10 nmethod 1740 0x000001edc7c9ac90 code [0x000001edc7c9ae20, 0x000001edc7c9af88]
Event: 35.976 Thread 0x000001edd9ec8d10 1741       3       javax.swing.JComponent::getPreferredSize (43 bytes)
Event: 35.977 Thread 0x000001edd9ec8d10 nmethod 1741 0x000001edc7c9b010 code [0x000001edc7c9b200, 0x000001edc7c9b7b0]
Event: 36.009 Thread 0x000001edd9ec8d10 1743       3       java.awt.font.FontRenderContext::equals (127 bytes)
Event: 36.012 Thread 0x000001edd9ec8d10 nmethod 1743 0x000001edc7c9b910 code [0x000001edc7c9bc00, 0x000001edc7c9cda0]

GC Heap History (4 events):
Event: 2.991 GC heap before
{Heap before GC invocations=0 (full 0):
 garbage-first heap   total 57344K, used 9216K [0x00000000c8800000, 0x0000000100000000)
  region size 1024K, 10 young (10240K), 0 survivors (0K)
 Metaspace       used 9006K, committed 9216K, reserved 1114112K
  class space    used 1039K, committed 1152K, reserved 1048576K
}
Event: 3.007 GC heap after
{Heap after GC invocations=1 (full 0):
 garbage-first heap   total 57344K, used 3328K [0x00000000c8800000, 0x0000000100000000)
  region size 1024K, 2 young (2048K), 2 survivors (2048K)
 Metaspace       used 9006K, committed 9216K, reserved 1114112K
  class space    used 1039K, committed 1152K, reserved 1048576K
}
Event: 36.022 GC heap before
{Heap before GC invocations=1 (full 0):
 garbage-first heap   total 57344K, used 45312K [0x00000000c8800000, 0x0000000100000000)
  region size 1024K, 5 young (5120K), 2 survivors (2048K)
 Metaspace       used 11094K, committed 11392K, reserved 1114112K
  class space    used 1269K, committed 1408K, reserved 1048576K
}
Event: 36.032 GC heap after
{Heap after GC invocations=2 (full 0):
 garbage-first heap   total 57344K, used 43833K [0x00000000c8800000, 0x0000000100000000)
  region size 1024K, 1 young (1024K), 1 survivors (1024K)
 Metaspace       used 11094K, committed 11392K, reserved 1114112K
  class space    used 1269K, committed 1408K, reserved 1048576K
}

Dll operation events (14 events):
Event: 0.044 Loaded shared library C:\Program Files\Java\jdk-21\bin\java.dll
Event: 0.175 Loaded shared library C:\Program Files\Java\jdk-21\bin\jsvml.dll
Event: 0.335 Loaded shared library C:\Program Files\Java\jdk-21\bin\zip.dll
Event: 0.354 Loaded shared library C:\Program Files\Java\jdk-21\bin\instrument.dll
Event: 0.375 Loaded shared library C:\Program Files\Java\jdk-21\bin\net.dll
Event: 0.381 Loaded shared library C:\Program Files\Java\jdk-21\bin\nio.dll
Event: 0.394 Loaded shared library C:\Program Files\Java\jdk-21\bin\zip.dll
Event: 0.440 Loaded shared library C:\Program Files\JetBrains\IntelliJ IDEA Community Edition 2023.3.4\bin\breakgen64.dll
Event: 0.476 Loaded shared library C:\Program Files\Java\jdk-21\bin\extnet.dll
Event: 0.510 Loaded shared library C:\Program Files\Java\jdk-21\bin\jimage.dll
Event: 0.597 Loaded shared library C:\Program Files\Java\jdk-21\bin\awt.dll
Event: 2.326 Loaded shared library C:\Program Files\Java\jdk-21\bin\freetype.dll
Event: 2.336 Loaded shared library C:\Program Files\Java\jdk-21\bin\fontmanager.dll
Event: 2.789 Loaded shared library C:\Program Files\Java\jdk-21\bin\jsound.dll

Deoptimization events (20 events):
Event: 10.138 Thread 0x000001ee1f3f40e0 DEOPT PACKING pc=0x000001edcf48eeb8 sp=0x000000c16cffe120
Event: 10.138 Thread 0x000001ee1f3f40e0 DEOPT UNPACKING pc=0x000001edcef346a2 sp=0x000000c16cffe0a8 mode 2
Event: 10.138 Thread 0x000001ee1f3f40e0 Uncommon trap: trap_request=0xffffffde fr.pc=0x000001edcf48eeb8 relative=0x0000000000000198
Event: 10.138 Thread 0x000001ee1f3f40e0 Uncommon trap: reason=class_check action=maybe_recompile pc=0x000001edcf48eeb8 method=java.lang.String.equals(Ljava/lang/Object;)Z @ 8 c2
Event: 10.138 Thread 0x000001ee1f3f40e0 DEOPT PACKING pc=0x000001edcf48eeb8 sp=0x000000c16cffe120
Event: 10.138 Thread 0x000001ee1f3f40e0 DEOPT UNPACKING pc=0x000001edcef346a2 sp=0x000000c16cffe0a8 mode 2
Event: 15.743 Thread 0x000001ee207e5580 DEOPT PACKING pc=0x000001edc7bf7b60 sp=0x000000c16e1ff2e0
Event: 15.743 Thread 0x000001ee207e5580 DEOPT UNPACKING pc=0x000001edcef34e42 sp=0x000000c16e1fe7c8 mode 0
Event: 22.680 Thread 0x000001ee1f3f40e0 Uncommon trap: trap_request=0xffffffde fr.pc=0x000001edcf48eeb8 relative=0x0000000000000198
Event: 22.680 Thread 0x000001ee1f3f40e0 Uncommon trap: reason=class_check action=maybe_recompile pc=0x000001edcf48eeb8 method=java.lang.String.equals(Ljava/lang/Object;)Z @ 8 c2
Event: 22.680 Thread 0x000001ee1f3f40e0 DEOPT PACKING pc=0x000001edcf48eeb8 sp=0x000000c16cffdf20
Event: 22.680 Thread 0x000001ee1f3f40e0 DEOPT UNPACKING pc=0x000001edcef346a2 sp=0x000000c16cffdea8 mode 2
Event: 22.680 Thread 0x000001ee1f3f40e0 Uncommon trap: trap_request=0xffffffde fr.pc=0x000001edcf48eeb8 relative=0x0000000000000198
Event: 22.680 Thread 0x000001ee1f3f40e0 Uncommon trap: reason=class_check action=maybe_recompile pc=0x000001edcf48eeb8 method=java.lang.String.equals(Ljava/lang/Object;)Z @ 8 c2
Event: 22.680 Thread 0x000001ee1f3f40e0 DEOPT PACKING pc=0x000001edcf48eeb8 sp=0x000000c16cffdf20
Event: 22.680 Thread 0x000001ee1f3f40e0 DEOPT UNPACKING pc=0x000001edcef346a2 sp=0x000000c16cffdea8 mode 2
Event: 35.942 Thread 0x000001ee1f3f40e0 Uncommon trap: trap_request=0xffffff45 fr.pc=0x000001edcf4fb0e8 relative=0x00000000000000c8
Event: 35.942 Thread 0x000001ee1f3f40e0 Uncommon trap: reason=unstable_if action=reinterpret pc=0x000001edcf4fb0e8 method=java.awt.font.FontRenderContext.equals(Ljava/awt/font/FontRenderContext;)Z @ 35 c2
Event: 35.942 Thread 0x000001ee1f3f40e0 DEOPT PACKING pc=0x000001edcf4fb0e8 sp=0x000000c16cffdd50
Event: 35.942 Thread 0x000001ee1f3f40e0 DEOPT UNPACKING pc=0x000001edcef346a2 sp=0x000000c16cffdce8 mode 2

Classes loaded (20 events):
Event: 36.016 Loading class sun/awt/image/SunWritableRaster
Event: 36.016 Loading class java/awt/image/WritableRaster
Event: 36.018 Loading class java/awt/image/WritableRaster done
Event: 36.018 Loading class sun/awt/image/SunWritableRaster done
Event: 36.034 Loading class java/awt/image/SinglePixelPackedSampleModel
Event: 36.036 Loading class java/awt/image/SampleModel
Event: 36.037 Loading class java/awt/image/SampleModel done
Event: 36.037 Loading class java/awt/image/SinglePixelPackedSampleModel done
Event: 36.038 Loading class sun/awt/image/IntegerInterleavedRaster
Event: 36.038 Loading class sun/awt/image/IntegerComponentRaster
Event: 36.040 Loading class sun/awt/image/IntegerComponentRaster done
Event: 36.040 Loading class sun/awt/image/IntegerInterleavedRaster done
Event: 36.043 Loading class java/awt/image/BufferedImage
Event: 36.044 Loading class java/awt/image/WritableRenderedImage
Event: 36.044 Loading class java/awt/image/RenderedImage
Event: 36.044 Loading class java/awt/image/RenderedImage done
Event: 36.044 Loading class java/awt/image/WritableRenderedImage done
Event: 36.044 Loading class java/awt/image/BufferedImage done
Event: 36.045 Loading class java/awt/image/BufferedImage$1
Event: 36.045 Loading class java/awt/image/BufferedImage$1 done

Classes unloaded (0 events):
No events

Classes redefined (0 events):
No events

Internal exceptions (16 events):
Event: 0.397 Thread 0x000001edbf5398b0 Exception <a 'java/lang/NoSuchMethodError'{0x00000000cbd37a00}: 'void java.lang.invoke.DirectMethodHandle$Holder.invokeStatic(java.lang.Object, java.lang.Object, java.lang.Object)'> (0x00000000cbd37a00) 
thrown [s\open\src\hotspot\share\interpreter\linkResolver.cpp, line 773]
Event: 0.412 Thread 0x000001edbf5398b0 Exception <a 'java/lang/NoSuchMethodError'{0x00000000cbd4f1b8}: 'java.lang.Object java.lang.invoke.Invokers$Holder.invokeExact_MT(java.lang.Object, java.lang.Object, java.lang.Object, java.lang.Object, java.lang.Object)'> (0x00000000cbd4f1b8) 
thrown [s\open\src\hotspot\share\interpreter\linkResolver.cpp, line 773]
Event: 0.481 Thread 0x000001ee1f271e90 Exception <a 'java/lang/NoSuchMethodError'{0x00000000cbd8e7f0}: 'void java.lang.invoke.DirectMethodHandle$Holder.invokeStatic(java.lang.Object, java.lang.Object)'> (0x00000000cbd8e7f0) 
thrown [s\open\src\hotspot\share\interpreter\linkResolver.cpp, line 773]
Event: 0.534 Thread 0x000001edbf5398b0 Exception <a 'java/lang/ClassNotFoundException'{0x00000000cbd73708}: sun/awt/resources/spi/awtProvider> (0x00000000cbd73708) 
thrown [s\open\src\hotspot\share\classfile\systemDictionary.cpp, line 312]
Event: 0.637 Thread 0x000001edbf5398b0 Exception <a 'java/io/FileNotFoundException'{0x00000000cbc08d30}> (0x00000000cbc08d30) 
thrown [s\open\src\hotspot\share\prims\jni.cpp, line 520]
Event: 0.668 Thread 0x000001edbf5398b0 Exception <a 'java/io/FileNotFoundException'{0x00000000cbc32b38}> (0x00000000cbc32b38) 
thrown [s\open\src\hotspot\share\prims\jni.cpp, line 520]
Event: 0.858 Thread 0x000001edd9eb5d40 Exception <a 'java/lang/NoSuchMethodError'{0x00000000cbb7f098}: 'java.lang.Object java.lang.invoke.Invokers$Holder.invokeExact_MT(java.lang.Object, java.lang.Object, java.lang.Object, java.lang.Object, java.lang.Object, java.lang.Object)'> (0x00000000cbb7f098) 
thrown [s\open\src\hotspot\share\interpreter\linkResolver.cpp, line 773]
Event: 1.502 Thread 0x000001ee1f3f40e0 Exception <a 'java/lang/NoSuchMethodError'{0x00000000cbab9de0}: 'void java.lang.invoke.DirectMethodHandle$Holder.invokeSpecial(java.lang.Object, java.lang.Object, java.lang.Object)'> (0x00000000cbab9de0) 
thrown [s\open\src\hotspot\share\interpreter\linkResolver.cpp, line 773]
Event: 1.546 Thread 0x000001ee1f3f40e0 Exception <a 'java/lang/NoSuchMethodError'{0x00000000cb9173d8}: 'java.lang.Object java.lang.invoke.DirectMethodHandle$Holder.newInvokeSpecial(java.lang.Object, java.lang.Object, java.lang.Object, java.lang.Object, java.lang.Object)'> (0x00000000cb9173d8) 
thrown [s\open\src\hotspot\share\interpreter\linkResolver.cpp, line 773]
Event: 1.570 Thread 0x000001ee1f3f40e0 Exception <a 'java/lang/NoSuchMethodError'{0x00000000cb942720}: 'java.lang.Object java.lang.invoke.DirectMethodHandle$Holder.invokeStatic(java.lang.Object, int, java.lang.Object)'> (0x00000000cb942720) 
thrown [s\open\src\hotspot\share\interpreter\linkResolver.cpp, line 773]
Event: 1.670 Thread 0x000001ee1f3f40e0 Exception <a 'java/lang/ClassNotFoundException'{0x00000000cb9e1c28}: com/sun/swing/internal/plaf/metal/resources/spi/metalProvider> (0x00000000cb9e1c28) 
thrown [s\open\src\hotspot\share\classfile\systemDictionary.cpp, line 312]
Event: 1.678 Thread 0x000001ee1f3f40e0 Exception <a 'java/lang/ClassNotFoundException'{0x00000000cb9e5b38}: com/sun/swing/internal/plaf/basic/resources/spi/basicProvider> (0x00000000cb9e5b38) 
thrown [s\open\src\hotspot\share\classfile\systemDictionary.cpp, line 312]
Event: 1.736 Thread 0x000001ee1f3f40e0 Exception <a 'java/lang/NoSuchMethodError'{0x00000000cb8020b8}: 'int java.lang.invoke.Invokers$Holder.invokeExact_MT(java.lang.Object, java.lang.Object)'> (0x00000000cb8020b8) 
thrown [s\open\src\hotspot\share\interpreter\linkResolver.cpp, line 773]
Event: 1.767 Thread 0x000001ee1f3f40e0 Implicit null exception at 0x000001edcf4b1bed to 0x000001edcf4b24bd
Event: 3.644 Thread 0x000001ee1f39c380 Exception <a 'java/lang/NoSuchMethodError'{0x00000000cbf54c18}: 'void java.lang.invoke.DirectMethodHandle$Holder.invokeVirtual(java.lang.Object, java.lang.Object)'> (0x00000000cbf54c18) 
thrown [s\open\src\hotspot\share\interpreter\linkResolver.cpp, line 773]
Event: 3.750 Thread 0x000001ee1f3f40e0 Exception <a 'java/lang/NoSuchMethodError'{0x00000000cbf3d7a0}: 'void java.lang.invoke.DirectMethodHandle$Holder.invokeStaticInit(java.lang.Object)'> (0x00000000cbf3d7a0) 
thrown [s\open\src\hotspot\share\interpreter\linkResolver.cpp, line 773]

ZGC Phase Switch (0 events):
No events

VM Operations (20 events):
Event: 15.604 Executing VM operation: Cleanup done
Event: 17.605 Executing VM operation: Cleanup
Event: 17.605 Executing VM operation: Cleanup done
Event: 18.605 Executing VM operation: Cleanup
Event: 18.605 Executing VM operation: Cleanup done
Event: 20.606 Executing VM operation: Cleanup
Event: 20.606 Executing VM operation: Cleanup done
Event: 22.607 Executing VM operation: Cleanup
Event: 22.607 Executing VM operation: Cleanup done
Event: 23.608 Executing VM operation: Cleanup
Event: 23.608 Executing VM operation: Cleanup done
Event: 25.608 Executing VM operation: Cleanup
Event: 25.608 Executing VM operation: Cleanup done
Event: 26.609 Executing VM operation: Cleanup
Event: 35.765 Executing VM operation: Cleanup done
Event: 35.956 Executing VM operation: HandshakeAllThreads (Deoptimize)
Event: 35.956 Executing VM operation: HandshakeAllThreads (Deoptimize) done
Event: 36.019 Executing VM operation: G1TryInitiateConcMark (G1 Humongous Allocation)
Event: 36.032 Executing VM operation: G1TryInitiateConcMark (G1 Humongous Allocation) done
Event: 36.046 Executing VM operation: G1PauseRemark

Events (20 events):
Event: 0.170 Thread 0x000001edd9eb05c0 Thread added: 0x000001edd9eb05c0
Event: 0.171 Thread 0x000001edd9eb52e0 Thread added: 0x000001edd9eb52e0
Event: 0.171 Thread 0x000001edd9eb5d40 Thread added: 0x000001edd9eb5d40
Event: 0.171 Thread 0x000001edd9eb6f40 Thread added: 0x000001edd9eb6f40
Event: 0.171 Thread 0x000001edd9eba190 Thread added: 0x000001edd9eba190
Event: 0.171 Thread 0x000001edd9ebd680 Thread added: 0x000001edd9ebd680
Event: 0.172 Thread 0x000001edd9ec8d10 Thread added: 0x000001edd9ec8d10
Event: 0.262 Thread 0x000001ee1f134e50 Thread added: 0x000001ee1f134e50
Event: 0.442 Thread 0x000001ee1f271e90 Thread added: 0x000001ee1f271e90
Event: 0.442 Thread 0x000001ee1f272500 Thread added: 0x000001ee1f272500
Event: 0.963 Thread 0x000001ee1f3a0970 Thread added: 0x000001ee1f3a0970
Event: 0.969 Thread 0x000001ee1f39b890 Thread added: 0x000001ee1f39b890
Event: 0.979 Thread 0x000001ee1f39c380 Thread added: 0x000001ee1f39c380
Event: 1.018 Thread 0x000001ee1f3f40e0 Thread added: 0x000001ee1f3f40e0
Event: 1.020 Thread 0x000001edbf5398b0 Thread exited: 0x000001edbf5398b0
Event: 1.020 Thread 0x000001edbf5398b0 Thread added: 0x000001edbf5398b0
Event: 2.613 Thread 0x000001ee205b23c0 Thread added: 0x000001ee205b23c0
Event: 3.556 Thread 0x000001ee207e4f10 Thread added: 0x000001ee207e4f10
Event: 3.604 Thread 0x000001ee207e5580 Thread added: 0x000001ee207e5580
Event: 4.102 Thread 0x000001ee20891610 Thread added: 0x000001ee20891610


Dynamic libraries:
0x00007ff7b73e0000 - 0x00007ff7b73f0000 	C:\Program Files\Java\jdk-21\bin\java.exe
0x00007ff8c8ff0000 - 0x00007ff8c91e8000 	C:\Windows\SYSTEM32\ntdll.dll
0x00007ff8c8120000 - 0x00007ff8c81e2000 	C:\Windows\System32\KERNEL32.DLL
0x00007ff8c69a0000 - 0x00007ff8c6c9e000 	C:\Windows\System32\KERNELBASE.dll
0x00007ff8c6ea0000 - 0x00007ff8c6fa0000 	C:\Windows\System32\ucrtbase.dll
0x00007ff8c34c0000 - 0x00007ff8c34db000 	C:\Program Files\Java\jdk-21\bin\VCRUNTIME140.dll
0x00007ff8c30a0000 - 0x00007ff8c30b9000 	C:\Program Files\Java\jdk-21\bin\jli.dll
0x00007ff8c85e0000 - 0x00007ff8c8691000 	C:\Windows\System32\ADVAPI32.dll
0x00007ff8c8000000 - 0x00007ff8c809e000 	C:\Windows\System32\msvcrt.dll
0x00007ff8c81f0000 - 0x00007ff8c828f000 	C:\Windows\System32\sechost.dll
0x00007ff8c8290000 - 0x00007ff8c83b3000 	C:\Windows\System32\RPCRT4.dll
0x00007ff8c66e0000 - 0x00007ff8c6707000 	C:\Windows\System32\bcrypt.dll
0x00007ff8c87d0000 - 0x00007ff8c896d000 	C:\Windows\System32\USER32.dll
0x00007ff8b6d60000 - 0x00007ff8b6ffa000 	C:\Windows\WinSxS\amd64_microsoft.windows.common-controls_6595b64144ccf1df_6.0.19041.4355_none_60b8b9eb71f62e16\COMCTL32.dll
0x00007ff8c68e0000 - 0x00007ff8c6902000 	C:\Windows\System32\win32u.dll
0x00007ff8c7ea0000 - 0x00007ff8c7ecb000 	C:\Windows\System32\GDI32.dll
0x00007ff8c67c0000 - 0x00007ff8c68d7000 	C:\Windows\System32\gdi32full.dll
0x00007ff8c6ca0000 - 0x00007ff8c6d3d000 	C:\Windows\System32\msvcp_win.dll
0x00007ff8bc650000 - 0x00007ff8bc65a000 	C:\Windows\SYSTEM32\VERSION.dll
0x00007ff8c8f80000 - 0x00007ff8c8faf000 	C:\Windows\System32\IMM32.DLL
0x00007ff8c30e0000 - 0x00007ff8c30ec000 	C:\Program Files\Java\jdk-21\bin\vcruntime140_1.dll
0x00007ff8b8350000 - 0x00007ff8b83de000 	C:\Program Files\Java\jdk-21\bin\msvcp140.dll
0x00007ff87b010000 - 0x00007ff87bd27000 	C:\Program Files\Java\jdk-21\bin\server\jvm.dll
0x00007ff8c8760000 - 0x00007ff8c87cb000 	C:\Windows\System32\WS2_32.dll
0x00007ff8c6440000 - 0x00007ff8c648b000 	C:\Windows\SYSTEM32\POWRPROF.dll
0x00007ff8bc660000 - 0x00007ff8bc687000 	C:\Windows\SYSTEM32\WINMM.dll
0x00007ff8c6420000 - 0x00007ff8c6432000 	C:\Windows\SYSTEM32\UMPDC.dll
0x00007ff8c44d0000 - 0x00007ff8c44e2000 	C:\Windows\SYSTEM32\kernel.appcore.dll
0x00007ff8c3090000 - 0x00007ff8c309a000 	C:\Program Files\Java\jdk-21\bin\jimage.dll
0x00007ff8b1960000 - 0x00007ff8b1b44000 	C:\Windows\SYSTEM32\DBGHELP.DLL
0x00007ff8b1050000 - 0x00007ff8b1084000 	C:\Windows\SYSTEM32\dbgcore.DLL
0x00007ff8c6910000 - 0x00007ff8c6992000 	C:\Windows\System32\bcryptPrimitives.dll
0x00007ff8c3080000 - 0x00007ff8c308f000 	C:\Program Files\Java\jdk-21\bin\instrument.dll
0x00007ff8c3060000 - 0x00007ff8c307f000 	C:\Program Files\Java\jdk-21\bin\java.dll
0x00007ff8c7300000 - 0x00007ff8c7a6d000 	C:\Windows\System32\SHELL32.dll
0x00007ff8c46d0000 - 0x00007ff8c4e74000 	C:\Windows\SYSTEM32\windows.storage.dll
0x00007ff8c7b40000 - 0x00007ff8c7e93000 	C:\Windows\System32\combase.dll
0x00007ff8c5f10000 - 0x00007ff8c5f3e000 	C:\Windows\SYSTEM32\Wldp.dll
0x00007ff8c8510000 - 0x00007ff8c85dd000 	C:\Windows\System32\OLEAUT32.dll
0x00007ff8c86a0000 - 0x00007ff8c874d000 	C:\Windows\System32\SHCORE.dll
0x00007ff8c7a70000 - 0x00007ff8c7ac5000 	C:\Windows\System32\shlwapi.dll
0x00007ff8c65c0000 - 0x00007ff8c65e4000 	C:\Windows\SYSTEM32\profapi.dll
0x00007ff8b7ba0000 - 0x00007ff8b7c77000 	C:\Program Files\Java\jdk-21\bin\jsvml.dll
0x00007ff8c2e20000 - 0x00007ff8c2e38000 	C:\Program Files\Java\jdk-21\bin\zip.dll
0x00007ff8c2f30000 - 0x00007ff8c2f40000 	C:\Program Files\Java\jdk-21\bin\net.dll
0x00007ff8bff10000 - 0x00007ff8c001d000 	C:\Windows\SYSTEM32\WINHTTP.dll
0x00007ff8c5cf0000 - 0x00007ff8c5d5a000 	C:\Windows\system32\mswsock.dll
0x00007ff8c2d70000 - 0x00007ff8c2d86000 	C:\Program Files\Java\jdk-21\bin\nio.dll
0x00007ff8c2d50000 - 0x00007ff8c2d6a000 	C:\Program Files\JetBrains\IntelliJ IDEA Community Edition 2023.3.4\bin\breakgen64.dll
0x00007ff8c2d40000 - 0x00007ff8c2d49000 	C:\Program Files\Java\jdk-21\bin\extnet.dll
0x00007ff88bba0000 - 0x00007ff88bd2f000 	C:\Program Files\Java\jdk-21\bin\awt.dll
0x00007ff8c33f0000 - 0x00007ff8c3484000 	C:\Windows\SYSTEM32\apphelp.dll
0x00007ff8c3fe0000 - 0x00007ff8c407e000 	C:\Windows\system32\uxtheme.dll
0x00007ff8c89f0000 - 0x00007ff8c8b05000 	C:\Windows\System32\MSCTF.dll
0x00007ff8c7ed0000 - 0x00007ff8c7ffb000 	C:\Windows\System32\ole32.dll
0x00007ff8c43c0000 - 0x00007ff8c43ef000 	C:\Windows\system32\DWMAPI.DLL
0x00007ff8b3b40000 - 0x00007ff8b3c68000 	C:\Windows\system32\opengl32.dll
0x00007ff8b32b0000 - 0x00007ff8b32dc000 	C:\Windows\SYSTEM32\GLU32.dll
0x00007ff8b32e0000 - 0x00007ff8b34b1000 	C:\Windows\system32\d3d9.dll
0x00007ff8bc690000 - 0x00007ff8bc86b000 	C:\Windows\System32\DriverStore\FileRepository\u0360470.inf_amd64_35c64671e7fac064\B360357\aticfx64.dll
0x00007ff8b9e40000 - 0x00007ff8b9e73000 	C:\Windows\System32\DriverStore\FileRepository\u0360470.inf_amd64_35c64671e7fac064\B360357\atiu9p64.dll
0x00007ff878a70000 - 0x00007ff879706000 	C:\Windows\System32\DriverStore\FileRepository\u0360470.inf_amd64_35c64671e7fac064\B360357\atiumd64.dll
0x0000000069380000 - 0x000000006a1f9000 	C:\Windows\System32\DriverStore\FileRepository\u0360470.inf_amd64_35c64671e7fac064\B360357\atiumd6a.dll
0x00007ff8b8cf0000 - 0x00007ff8b8d1f000 	C:\Windows\SYSTEM32\amdihk64.dll
0x00007ff8bd6a0000 - 0x00007ff8bd6db000 	C:\Windows\SYSTEM32\dxcore.dll
0x00007ff8c6690000 - 0x00007ff8c66de000 	C:\Windows\System32\cfgmgr32.dll
0x00007ff8b80d0000 - 0x00007ff8b8157000 	C:\Program Files\Java\jdk-21\bin\freetype.dll
0x00007ff88b460000 - 0x00007ff88b542000 	C:\Program Files\Java\jdk-21\bin\fontmanager.dll
0x00007ff8ba8a0000 - 0x00007ff8ba8b2000 	C:\Program Files\Java\jdk-21\bin\jsound.dll
0x00007ff8b9d00000 - 0x00007ff8b9d9c000 	C:\Windows\SYSTEM32\DSOUND.dll
0x00007ff8a5560000 - 0x00007ff8a5586000 	C:\Windows\SYSTEM32\winmmbase.dll
0x00007ff8c7010000 - 0x00007ff8c70b9000 	C:\Windows\System32\clbcatq.dll
0x00007ff8c0210000 - 0x00007ff8c0295000 	C:\Windows\System32\MMDevApi.dll
0x00007ff8c63b0000 - 0x00007ff8c63e3000 	C:\Windows\System32\DEVOBJ.dll
0x00007ff8b8300000 - 0x00007ff8b8346000 	C:\Windows\SYSTEM32\wdmaud.drv
0x00007ff8c09d0000 - 0x00007ff8c09da000 	C:\Windows\SYSTEM32\AVRT.dll
0x00007ff8bd4f0000 - 0x00007ff8bd4f9000 	C:\Windows\SYSTEM32\ksuser.dll
0x00007ff8c02c0000 - 0x00007ff8c0441000 	C:\Windows\SYSTEM32\AUDIOSES.DLL
0x00007ff8ba740000 - 0x00007ff8ba74d000 	C:\Windows\SYSTEM32\msacm32.drv
0x00007ff8b9f60000 - 0x00007ff8b9f7e000 	C:\Windows\SYSTEM32\MSACM32.dll
0x00007ff8ba730000 - 0x00007ff8ba73b000 	C:\Windows\SYSTEM32\midimap.dll
0x00007ff8c40c0000 - 0x00007ff8c40d4000 	C:\Windows\SYSTEM32\resourcepolicyclient.dll
0x00007ff8c3dd0000 - 0x00007ff8c3f84000 	C:\Windows\SYSTEM32\WindowsCodecs.dll
0x00007ff8a6d00000 - 0x00007ff8a6d3e000 	C:\Windows\system32\dataexchange.dll
0x00007ff8c1a50000 - 0x00007ff8c1cb3000 	C:\Windows\system32\d3d11.dll
0x00007ff8c1d30000 - 0x00007ff8c1f14000 	C:\Windows\system32\dcomp.dll
0x00007ff8c4ee0000 - 0x00007ff8c4fd6000 	C:\Windows\system32\dxgi.dll
0x00007ff8beae0000 - 0x00007ff8bece3000 	C:\Windows\system32\twinapi.appcore.dll
0x00007ff8bc9d0000 - 0x00007ff8bcac9000 	C:\Windows\SYSTEM32\textinputframework.dll
0x00007ff8c2470000 - 0x00007ff8c27cb000 	C:\Windows\System32\CoreUIComponents.dll
0x00007ff8c27d0000 - 0x00007ff8c28c2000 	C:\Windows\System32\CoreMessaging.dll
0x00007ff8c5880000 - 0x00007ff8c58b3000 	C:\Windows\SYSTEM32\ntmarta.dll
0x00007ff8c3200000 - 0x00007ff8c3357000 	C:\Windows\SYSTEM32\wintypes.dll
0x00007ff8bcad0000 - 0x00007ff8bcc0f000 	C:\Windows\System32\Windows.UI.dll
0x00007ff8bc870000 - 0x00007ff8bc9c2000 	C:\Windows\System32\InputHost.dll
0x00007ff8be9e0000 - 0x00007ff8bea81000 	C:\Windows\System32\WindowManagementAPI.dll
0x00007ff8c3800000 - 0x00007ff8c38f6000 	C:\Windows\System32\PROPSYS.dll

dbghelp: loaded successfully - version: 4.0.5 - missing functions: none
symbol engine: initialized successfully - sym options: 0x614 - pdb path: .;C:\Program Files\Java\jdk-21\bin;C:\Windows\SYSTEM32;C:\Windows\WinSxS\amd64_microsoft.windows.common-controls_6595b64144ccf1df_6.0.19041.4355_none_60b8b9eb71f62e16;C:\Program Files\Java\jdk-21\bin\server;C:\Program Files\JetBrains\IntelliJ IDEA Community Edition 2023.3.4\bin;C:\Windows\System32\DriverStore\FileRepository\u0360470.inf_amd64_35c64671e7fac064\B360357

VM Arguments:
jvm_args: -javaagent:C:\Program Files\JetBrains\IntelliJ IDEA Community Edition 2023.3.4\lib\idea_rt.jar=63426:C:\Program Files\JetBrains\IntelliJ IDEA Community Edition 2023.3.4\bin -Dfile.encoding=UTF-8 -Dsun.stdout.encoding=UTF-8 -Dsun.stderr.encoding=UTF-8 
java_command: Sudoku.SudokuMain
java_class_path (initial): C:\Users\FARIS\Documents\CapstoneASD-C-Kelompok11-\out\production\Capstone ASD TicTacToe
Launcher Type: SUN_STANDARD

[Global flags]
     intx CICompilerCount                          = 3                                         {product} {ergonomic}
     uint ConcGCThreads                            = 1                                         {product} {ergonomic}
     uint G1ConcRefinementThreads                  = 4                                         {product} {ergonomic}
   size_t G1HeapRegionSize                         = 1048576                                   {product} {ergonomic}
    uintx GCDrainStackTargetSize                   = 64                                        {product} {ergonomic}
   size_t InitialHeapSize                          = 58720256                                  {product} {ergonomic}
   size_t MarkStackSize                            = 4194304                                   {product} {ergonomic}
   size_t MaxHeapSize                              = 931135488                                 {product} {ergonomic}
   size_t MaxNewSize                               = 557842432                                 {product} {ergonomic}
   size_t MinHeapDeltaBytes                        = 1048576                                   {product} {ergonomic}
   size_t MinHeapSize                              = 8388608                                   {product} {ergonomic}
    uintx NonNMethodCodeHeapSize                   = 5832780                                {pd product} {ergonomic}
    uintx NonProfiledCodeHeapSize                  = 122912730                              {pd product} {ergonomic}
    uintx ProfiledCodeHeapSize                     = 122912730                              {pd product} {ergonomic}
    uintx ReservedCodeCacheSize                    = 251658240                              {pd product} {ergonomic}
     bool SegmentedCodeCache                       = true                                      {product} {ergonomic}
   size_t SoftMaxHeapSize                          = 931135488                              {manageable} {ergonomic}
     bool UseCompressedOops                        = true                           {product lp64_product} {ergonomic}
     bool UseG1GC                                  = true                                      {product} {ergonomic}
     bool UseLargePagesIndividualAllocation        = false                                  {pd product} {ergonomic}

Logging:
Log output configuration:
 #0: stdout all=warning uptime,level,tags foldmultilines=false
 #1: stderr all=off uptime,level,tags foldmultilines=false

Environment Variables:
PATH=C:\Program Files\Common Files\Oracle\Java\javapath;C:\Windows\system32;C:\Windows;C:\Windows\System32\Wbem;C:\Windows\System32\WindowsPowerShell\v1.0\;C:\Windows\System32\OpenSSH\;C:\Program Files\PostgreSQL\17\bin;C:\Program Files\Docker\Docker\resources\bin;C:\Program Files\Git\cmd;C:\Ruby33-x64\bin;C:\Program Files\MySQL\MySQL Shell 8.0\bin\;C:\Users\FARIS\AppData\Local\Microsoft\WindowsApps;;C:\Users\FARIS\AppData\Local\Programs\Microsoft VS Code\bin;C:\Program Files\JetBrains\IntelliJ IDEA Community Edition 2023.3.4\bin;
USERNAME=SHAFLY
OS=Windows_NT
PROCESSOR_IDENTIFIER=AMD64 Family 22 Model 48 Stepping 1, AuthenticAMD
TMP=C:\Users\FARIS\AppData\Local\Temp
TEMP=C:\Users\FARIS\AppData\Local\Temp




Periodic native trim disabled

---------------  S Y S T E M  ---------------

OS:
 Windows 10 , 64 bit Build 19041 (10.0.19041.5072)
OS uptime: 2 days 5:01 hours
Hyper-V role detected

CPU: total 4 (initial active 4) (4 cores per cpu, 1 threads per core) family 22 model 48 stepping 1 microcode 0x0, cx8, cmov, fxsr, mmx, 3dnowpref, sse, sse2, sse3, ssse3, sse4a, sse4.1, sse4.2, popcnt, lzcnt, tsc, tscinvbit, avx, aes, clmul, bmi1, vzeroupper, clflush, hv, rdtscp, f16c
Processor Information for all 4 processors :
  Max Mhz: 2200, Current Mhz: 2200, Mhz Limit: 2200

Memory: 4k page, system-wide physical 3546M (193M free)
TotalPageFile size 7642M (AvailPageFile size 23M)
current process WorkingSet (physical memory assigned to process): 146M, peak: 179M
current process commit charge ("private bytes"): 195M, peak: 236M

vm_info: Java HotSpot(TM) 64-Bit Server VM (21.0.2+13-LTS-58) for windows-amd64 JRE (21.0.2+13-LTS-58), built on 2024-01-05T18:32:24Z by "mach5one" with MS VC++ 17.1 (VS2022)

END.
