#
# There is insufficient memory for the Java Runtime Environment to continue.
# Native memory allocation (malloc) failed to allocate 58976 bytes for Chunk::new
# Possible reasons:
#   The system is out of physical RAM or swap space
#   The process is running with CompressedOops enabled, and the Java Heap may be blocking the growth of the native heap
# Possible solutions:
#   Reduce memory load on the system
#   Increase physical memory or swap space
#   Check if swap backing store is full
#   Decrease Java heap size (-Xmx/-Xms)
#   Decrease number of Java threads
#   Decrease Java thread stack sizes (-Xss)
#   Set larger code cache with -XX:ReservedCodeCacheSize=
#   JVM is running with Unscaled Compressed Oops mode in which the Java heap is
#     placed in the first 4GB address space. The Java Heap base address is the
#     maximum limit for the native heap growth. Please use -XX:HeapBaseMinAddress
#     to set the Java Heap base and to place the Java Heap above 4GB virtual address.
# This output file may be truncated or incomplete.
#
#  Out of Memory Error (arena.cpp:168), pid=14408, tid=8140
#
# JRE version: Java(TM) SE Runtime Environment (21.0.2+13) (build 21.0.2+13-LTS-58)
# Java VM: Java HotSpot(TM) 64-Bit Server VM (21.0.2+13-LTS-58, mixed mode, sharing, tiered, compressed oops, compressed class ptrs, g1 gc, windows-amd64)
# No core dump will be written. Minidumps are not enabled by default on client versions of Windows
#

---------------  S U M M A R Y ------------

Command Line: -javaagent:C:\Program Files\JetBrains\IntelliJ IDEA Community Edition 2023.3.4\lib\idea_rt.jar=62959:C:\Program Files\JetBrains\IntelliJ IDEA Community Edition 2023.3.4\bin -Dfile.encoding=UTF-8 -Dsun.stdout.encoding=UTF-8 -Dsun.stderr.encoding=UTF-8 Sudoku.SudokuMain

Host: AMD A8-7410 APU with AMD Radeon R5 Graphics    , 4 cores, 3G,  Windows 10 , 64 bit Build 19041 (10.0.19041.5072)
Time: Sun Dec 15 10:31:41 2024 SE Asia Standard Time elapsed time: 14.514288 seconds (0d 0h 0m 14s)

---------------  T H R E A D  ---------------

Current thread (0x0000024d698e8740):  JavaThread "C2 CompilerThread0" daemon [_thread_in_native, id=8140, stack(0x0000007375600000,0x0000007375700000) (1024K)]


Current CompileTask:
C2:  14514 1625   !   4       com.sun.media.sound.DirectAudioDevice$DirectDL::write (322 bytes)

Stack: [0x0000007375600000,0x0000007375700000]
Native frames: (J=compiled Java code, j=interpreted, Vv=VM code, C=native code)
V  [jvm.dll+0x6cade9]
V  [jvm.dll+0x8569c1]
V  [jvm.dll+0x858d2e]
V  [jvm.dll+0x859413]
V  [jvm.dll+0x280e56]
V  [jvm.dll+0xc3f3d]
V  [jvm.dll+0xc4473]
V  [jvm.dll+0x3b5c2c]
V  [jvm.dll+0x382855]
V  [jvm.dll+0x381cca]
V  [jvm.dll+0x249bd0]
V  [jvm.dll+0x2491b1]
V  [jvm.dll+0x1c9634]
V  [jvm.dll+0x258859]
V  [jvm.dll+0x256e3a]
V  [jvm.dll+0x3ef6c6]
V  [jvm.dll+0x7ff568]
V  [jvm.dll+0x6c953d]
C  [ucrtbase.dll+0x21bb2]
C  [KERNEL32.DLL+0x17374]
C  [ntdll.dll+0x4cc91]


---------------  P R O C E S S  ---------------

Threads class SMR info:
_java_thread_list=0x0000024d6f1cdc00, length=20, elements={
0x0000024d698de1e0, 0x0000024d698dffb0, 0x0000024d698e5b40, 0x0000024d698e6820,
0x0000024d698e7280, 0x0000024d698e7ce0, 0x0000024d698e8740, 0x0000024d698e9f30,
0x0000024d4effd2a0, 0x0000024d69c67f00, 0x0000024d69c69860, 0x0000024d69d4cfa0,
0x0000024d69d560c0, 0x0000024d69d56bb0, 0x0000024d69d627b0, 0x0000024d4ef58360,
0x0000024d6f155ed0, 0x0000024d69c64ed0, 0x0000024d6f1e19a0, 0x0000024d6f2a8f30
}

Java Threads: ( => current thread )
  0x0000024d698de1e0 JavaThread "Reference Handler"          daemon [_thread_blocked, id=10744, stack(0x0000007375000000,0x0000007375100000) (1024K)]
  0x0000024d698dffb0 JavaThread "Finalizer"                  daemon [_thread_blocked, id=11840, stack(0x0000007375100000,0x0000007375200000) (1024K)]
  0x0000024d698e5b40 JavaThread "Signal Dispatcher"          daemon [_thread_blocked, id=8620, stack(0x0000007375200000,0x0000007375300000) (1024K)]
  0x0000024d698e6820 JavaThread "Attach Listener"            daemon [_thread_blocked, id=14808, stack(0x0000007375300000,0x0000007375400000) (1024K)]
  0x0000024d698e7280 JavaThread "Service Thread"             daemon [_thread_blocked, id=5108, stack(0x0000007375400000,0x0000007375500000) (1024K)]
  0x0000024d698e7ce0 JavaThread "Monitor Deflation Thread"   daemon [_thread_blocked, id=9488, stack(0x0000007375500000,0x0000007375600000) (1024K)]
=>0x0000024d698e8740 JavaThread "C2 CompilerThread0"         daemon [_thread_in_native, id=8140, stack(0x0000007375600000,0x0000007375700000) (1024K)]
  0x0000024d698e9f30 JavaThread "C1 CompilerThread0"         daemon [_thread_blocked, id=3556, stack(0x0000007375700000,0x0000007375800000) (1024K)]
  0x0000024d4effd2a0 JavaThread "Common-Cleaner"             daemon [_thread_blocked, id=12172, stack(0x0000007375800000,0x0000007375900000) (1024K)]
  0x0000024d69c67f00 JavaThread "Monitor Ctrl-Break"         daemon [_thread_in_native, id=11812, stack(0x0000007375900000,0x0000007375a00000) (1024K)]
  0x0000024d69c69860 JavaThread "Notification Thread"        daemon [_thread_blocked, id=10592, stack(0x0000007375a00000,0x0000007375b00000) (1024K)]
  0x0000024d69d4cfa0 JavaThread "Java2D Disposer"            daemon [_thread_blocked, id=14992, stack(0x0000007375b00000,0x0000007375c00000) (1024K)]
  0x0000024d69d560c0 JavaThread "AWT-Shutdown"                      [_thread_blocked, id=1744, stack(0x0000007375c00000,0x0000007375d00000) (1024K)]
  0x0000024d69d56bb0 JavaThread "AWT-Windows"                daemon [_thread_in_native, id=1604, stack(0x0000007375d00000,0x0000007375e00000) (1024K)]
  0x0000024d69d627b0 JavaThread "AWT-EventQueue-0"                  [_thread_blocked, id=7420, stack(0x0000007375e00000,0x0000007375f00000) (1024K)]
  0x0000024d4ef58360 JavaThread "DestroyJavaVM"                     [_thread_blocked, id=13472, stack(0x0000007374800000,0x0000007374900000) (1024K)]
  0x0000024d6f155ed0 JavaThread "TimerQueue"                 daemon [_thread_blocked, id=7696, stack(0x0000007376000000,0x0000007376100000) (1024K)]
  0x0000024d69c64ed0 JavaThread "Java Sound Event Dispatcher" daemon [_thread_blocked, id=11808, stack(0x0000007376d00000,0x0000007376e00000) (1024K)]
  0x0000024d6f1e19a0 JavaThread "Direct Clip"                daemon [_thread_in_vm, id=12092, stack(0x0000007377000000,0x0000007377100000) (1024K)]
  0x0000024d6f2a8f30 JavaThread "D3D Screen Updater"         daemon [_thread_blocked, id=13156, stack(0x0000007377200000,0x0000007377300000) (1024K)]
Total: 20

Other Threads:
  0x0000024d4f012c60 VMThread "VM Thread"                           [id=14008, stack(0x0000007374f00000,0x0000007375000000) (1024K)]
  0x0000024d698dd2d0 WatcherThread "VM Periodic Task Thread"        [id=4928, stack(0x0000007374e00000,0x0000007374f00000) (1024K)]
  0x0000024d4ef8edf0 WorkerThread "GC Thread#0"                     [id=10016, stack(0x0000007374900000,0x0000007374a00000) (1024K)]
  0x0000024d6f1de650 WorkerThread "GC Thread#1"                     [id=9560, stack(0x0000007376a00000,0x0000007376b00000) (1024K)]
  0x0000024d6f1de9f0 WorkerThread "GC Thread#2"                     [id=15152, stack(0x0000007376b00000,0x0000007376c00000) (1024K)]
  0x0000024d6f1ded90 WorkerThread "GC Thread#3"                     [id=11792, stack(0x0000007376c00000,0x0000007376d00000) (1024K)]
  0x0000024d4ef96cd0 ConcurrentGCThread "G1 Main Marker"            [id=3600, stack(0x0000007374a00000,0x0000007374b00000) (1024K)]
  0x0000024d4ef97980 WorkerThread "G1 Conc#0"                       [id=10636, stack(0x0000007374b00000,0x0000007374c00000) (1024K)]
  0x0000024d4efeaec0 ConcurrentGCThread "G1 Refine#0"               [id=5584, stack(0x0000007374c00000,0x0000007374d00000) (1024K)]
  0x0000024d4efeba30 ConcurrentGCThread "G1 Service"                [id=11492, stack(0x0000007374d00000,0x0000007374e00000) (1024K)]
Total: 10

Threads with active compile tasks:
C2 CompilerThread0    14796 1625   !   4       com.sun.media.sound.DirectAudioDevice$DirectDL::write (322 bytes)
Total: 1

VM state: not at safepoint (normal execution)

VM Mutex/Monitor currently owned by a thread: None

Heap address: 0x00000000c8800000, size: 888 MB, Compressed Oops mode: 32-bit

CDS archive(s) mapped at: [0x0000024d00000000-0x0000024d00c90000-0x0000024d00c90000), size 13172736, SharedBaseAddress: 0x0000024d00000000, ArchiveRelocationMode: 1.
Compressed class space mapped at: 0x0000024d01000000-0x0000024d41000000, reserved size: 1073741824
Narrow klass base: 0x0000024d00000000, Narrow klass shift: 0, Narrow klass range: 0x100000000

GC Precious Log:
 CardTable entry size: 512
 Card Set container configuration: InlinePtr #cards 5 size 8 Array Of Cards #cards 12 size 40 Howl #buckets 4 coarsen threshold 1843 Howl Bitmap #cards 512 size 80 coarsen threshold 460 Card regions per heap region 1 cards per card region 2048
 CPUs: 4 total, 4 available
 Memory: 3546M
 Large Page Support: Disabled
 NUMA Support: Disabled
 Compressed Oops: Enabled (32-bit)
 Heap Region Size: 1M
 Heap Min Capacity: 8M
 Heap Initial Capacity: 56M
 Heap Max Capacity: 888M
 Pre-touch: Disabled
 Parallel Workers: 4
 Concurrent Workers: 1
 Concurrent Refinement Workers: 4
 Periodic GC: Disabled

Heap:
 garbage-first heap   total 57344K, used 45328K [0x00000000c8800000, 0x0000000100000000)
  region size 1024K, 5 young (5120K), 2 survivors (2048K)
 Metaspace       used 10837K, committed 11136K, reserved 1114112K
  class space    used 1245K, committed 1408K, reserved 1048576K

Heap Regions: E=young(eden), S=young(survivor), O=old, HS=humongous(starts), HC=humongous(continues), CS=collection set, F=free, TAMS=top-at-mark-start, PB=parsable bottom
|   0|0x00000000c8800000, 0x00000000c8900000, 0x00000000c8900000|100%| O|  |TAMS 0x00000000c8800000| PB 0x00000000c8800000| Untracked 
|   1|0x00000000c8900000, 0x00000000c8944000, 0x00000000c8a00000| 26%| O|  |TAMS 0x00000000c8900000| PB 0x00000000c8900000| Untracked 
|   2|0x00000000c8a00000, 0x00000000c8b00000, 0x00000000c8b00000|100%|HS|  |TAMS 0x00000000c8a00000| PB 0x00000000c8a00000| Complete 
|   3|0x00000000c8b00000, 0x00000000c8c00000, 0x00000000c8c00000|100%|HC|  |TAMS 0x00000000c8b00000| PB 0x00000000c8b00000| Complete 
|   4|0x00000000c8c00000, 0x00000000c8d00000, 0x00000000c8d00000|100%|HC|  |TAMS 0x00000000c8c00000| PB 0x00000000c8c00000| Complete 
|   5|0x00000000c8d00000, 0x00000000c8e00000, 0x00000000c8e00000|100%|HC|  |TAMS 0x00000000c8d00000| PB 0x00000000c8d00000| Complete 
|   6|0x00000000c8e00000, 0x00000000c8f00000, 0x00000000c8f00000|100%|HC|  |TAMS 0x00000000c8e00000| PB 0x00000000c8e00000| Complete 
|   7|0x00000000c8f00000, 0x00000000c9000000, 0x00000000c9000000|100%|HC|  |TAMS 0x00000000c8f00000| PB 0x00000000c8f00000| Complete 
|   8|0x00000000c9000000, 0x00000000c9100000, 0x00000000c9100000|100%|HC|  |TAMS 0x00000000c9000000| PB 0x00000000c9000000| Complete 
|   9|0x00000000c9100000, 0x00000000c9200000, 0x00000000c9200000|100%|HC|  |TAMS 0x00000000c9100000| PB 0x00000000c9100000| Complete 
|  10|0x00000000c9200000, 0x00000000c9300000, 0x00000000c9300000|100%|HC|  |TAMS 0x00000000c9200000| PB 0x00000000c9200000| Complete 
|  11|0x00000000c9300000, 0x00000000c9400000, 0x00000000c9400000|100%|HC|  |TAMS 0x00000000c9300000| PB 0x00000000c9300000| Complete 
|  12|0x00000000c9400000, 0x00000000c9500000, 0x00000000c9500000|100%|HC|  |TAMS 0x00000000c9400000| PB 0x00000000c9400000| Complete 
|  13|0x00000000c9500000, 0x00000000c9600000, 0x00000000c9600000|100%|HC|  |TAMS 0x00000000c9500000| PB 0x00000000c9500000| Complete 
|  14|0x00000000c9600000, 0x00000000c9700000, 0x00000000c9700000|100%|HC|  |TAMS 0x00000000c9600000| PB 0x00000000c9600000| Complete 
|  15|0x00000000c9700000, 0x00000000c9800000, 0x00000000c9800000|100%|HC|  |TAMS 0x00000000c9700000| PB 0x00000000c9700000| Complete 
|  16|0x00000000c9800000, 0x00000000c9900000, 0x00000000c9900000|100%|HC|  |TAMS 0x00000000c9800000| PB 0x00000000c9800000| Complete 
|  17|0x00000000c9900000, 0x00000000c9a00000, 0x00000000c9a00000|100%|HC|  |TAMS 0x00000000c9900000| PB 0x00000000c9900000| Complete 
|  18|0x00000000c9a00000, 0x00000000c9b00000, 0x00000000c9b00000|100%|HC|  |TAMS 0x00000000c9a00000| PB 0x00000000c9a00000| Complete 
|  19|0x00000000c9b00000, 0x00000000c9c00000, 0x00000000c9c00000|100%|HC|  |TAMS 0x00000000c9b00000| PB 0x00000000c9b00000| Complete 
|  20|0x00000000c9c00000, 0x00000000c9d00000, 0x00000000c9d00000|100%|HC|  |TAMS 0x00000000c9c00000| PB 0x00000000c9c00000| Complete 
|  21|0x00000000c9d00000, 0x00000000c9e00000, 0x00000000c9e00000|100%|HC|  |TAMS 0x00000000c9d00000| PB 0x00000000c9d00000| Complete 
|  22|0x00000000c9e00000, 0x00000000c9f00000, 0x00000000c9f00000|100%|HC|  |TAMS 0x00000000c9e00000| PB 0x00000000c9e00000| Complete 
|  23|0x00000000c9f00000, 0x00000000ca000000, 0x00000000ca000000|100%|HC|  |TAMS 0x00000000c9f00000| PB 0x00000000c9f00000| Complete 
|  24|0x00000000ca000000, 0x00000000ca100000, 0x00000000ca100000|100%|HC|  |TAMS 0x00000000ca000000| PB 0x00000000ca000000| Complete 
|  25|0x00000000ca100000, 0x00000000ca200000, 0x00000000ca200000|100%|HC|  |TAMS 0x00000000ca100000| PB 0x00000000ca100000| Complete 
|  26|0x00000000ca200000, 0x00000000ca300000, 0x00000000ca300000|100%|HC|  |TAMS 0x00000000ca200000| PB 0x00000000ca200000| Complete 
|  27|0x00000000ca300000, 0x00000000ca400000, 0x00000000ca400000|100%|HC|  |TAMS 0x00000000ca300000| PB 0x00000000ca300000| Complete 
|  28|0x00000000ca400000, 0x00000000ca500000, 0x00000000ca500000|100%|HC|  |TAMS 0x00000000ca400000| PB 0x00000000ca400000| Complete 
|  29|0x00000000ca500000, 0x00000000ca600000, 0x00000000ca600000|100%|HC|  |TAMS 0x00000000ca500000| PB 0x00000000ca500000| Complete 
|  30|0x00000000ca600000, 0x00000000ca700000, 0x00000000ca700000|100%|HC|  |TAMS 0x00000000ca600000| PB 0x00000000ca600000| Complete 
|  31|0x00000000ca700000, 0x00000000ca800000, 0x00000000ca800000|100%|HC|  |TAMS 0x00000000ca700000| PB 0x00000000ca700000| Complete 
|  32|0x00000000ca800000, 0x00000000ca900000, 0x00000000ca900000|100%|HC|  |TAMS 0x00000000ca800000| PB 0x00000000ca800000| Complete 
|  33|0x00000000ca900000, 0x00000000caa00000, 0x00000000caa00000|100%|HC|  |TAMS 0x00000000ca900000| PB 0x00000000ca900000| Complete 
|  34|0x00000000caa00000, 0x00000000cab00000, 0x00000000cab00000|100%|HC|  |TAMS 0x00000000caa00000| PB 0x00000000caa00000| Complete 
|  35|0x00000000cab00000, 0x00000000cac00000, 0x00000000cac00000|100%|HC|  |TAMS 0x00000000cab00000| PB 0x00000000cab00000| Complete 
|  36|0x00000000cac00000, 0x00000000cad00000, 0x00000000cad00000|100%|HC|  |TAMS 0x00000000cac00000| PB 0x00000000cac00000| Complete 
|  37|0x00000000cad00000, 0x00000000cae00000, 0x00000000cae00000|100%|HC|  |TAMS 0x00000000cad00000| PB 0x00000000cad00000| Complete 
|  38|0x00000000cae00000, 0x00000000caf00000, 0x00000000caf00000|100%|HC|  |TAMS 0x00000000cae00000| PB 0x00000000cae00000| Complete 
|  39|0x00000000caf00000, 0x00000000cb000000, 0x00000000cb000000|100%|HC|  |TAMS 0x00000000caf00000| PB 0x00000000caf00000| Complete 
|  40|0x00000000cb000000, 0x00000000cb100000, 0x00000000cb100000|100%|HC|  |TAMS 0x00000000cb000000| PB 0x00000000cb000000| Complete 
|  41|0x00000000cb100000, 0x00000000cb100000, 0x00000000cb200000|  0%| F|  |TAMS 0x00000000cb100000| PB 0x00000000cb100000| Untracked 
|  42|0x00000000cb200000, 0x00000000cb200000, 0x00000000cb300000|  0%| F|  |TAMS 0x00000000cb200000| PB 0x00000000cb200000| Untracked 
|  43|0x00000000cb300000, 0x00000000cb300000, 0x00000000cb400000|  0%| F|  |TAMS 0x00000000cb300000| PB 0x00000000cb300000| Untracked 
|  44|0x00000000cb400000, 0x00000000cb500000, 0x00000000cb500000|100%| S|CS|TAMS 0x00000000cb400000| PB 0x00000000cb400000| Complete 
|  45|0x00000000cb500000, 0x00000000cb600000, 0x00000000cb600000|100%| S|CS|TAMS 0x00000000cb500000| PB 0x00000000cb500000| Complete 
|  46|0x00000000cb600000, 0x00000000cb600000, 0x00000000cb700000|  0%| F|  |TAMS 0x00000000cb600000| PB 0x00000000cb600000| Untracked 
|  47|0x00000000cb700000, 0x00000000cb700000, 0x00000000cb800000|  0%| F|  |TAMS 0x00000000cb700000| PB 0x00000000cb700000| Untracked 
|  48|0x00000000cb800000, 0x00000000cb800000, 0x00000000cb900000|  0%| F|  |TAMS 0x00000000cb800000| PB 0x00000000cb800000| Untracked 
|  49|0x00000000cb900000, 0x00000000cb900000, 0x00000000cba00000|  0%| F|  |TAMS 0x00000000cb900000| PB 0x00000000cb900000| Untracked 
|  50|0x00000000cba00000, 0x00000000cba00000, 0x00000000cbb00000|  0%| F|  |TAMS 0x00000000cba00000| PB 0x00000000cba00000| Untracked 
|  51|0x00000000cbb00000, 0x00000000cbb00000, 0x00000000cbc00000|  0%| F|  |TAMS 0x00000000cbb00000| PB 0x00000000cbb00000| Untracked 
|  52|0x00000000cbc00000, 0x00000000cbc00000, 0x00000000cbd00000|  0%| F|  |TAMS 0x00000000cbc00000| PB 0x00000000cbc00000| Untracked 
|  53|0x00000000cbd00000, 0x00000000cbd678e0, 0x00000000cbe00000| 40%| E|  |TAMS 0x00000000cbd00000| PB 0x00000000cbd00000| Complete 
|  54|0x00000000cbe00000, 0x00000000cbf00000, 0x00000000cbf00000|100%| E|CS|TAMS 0x00000000cbe00000| PB 0x00000000cbe00000| Complete 
|  55|0x00000000cbf00000, 0x00000000cc000000, 0x00000000cc000000|100%| E|CS|TAMS 0x00000000cbf00000| PB 0x00000000cbf00000| Complete 

Card table byte_map: [0x0000024d663d0000,0x0000024d66590000] _byte_map_base: 0x0000024d65d8c000

Marking Bits: (CMBitMap*) 0x0000024d4ef8f4f0
 Bits: [0x0000024d66590000, 0x0000024d67370000)

Polling page: 0x0000024d4cf20000

Metaspace:

Usage:
  Non-class:      9.37 MB used.
      Class:      1.22 MB used.
       Both:     10.58 MB used.

Virtual space:
  Non-class space:       64.00 MB reserved,       9.50 MB ( 15%) committed,  1 nodes.
      Class space:        1.00 GB reserved,       1.38 MB ( <1%) committed,  1 nodes.
             Both:        1.06 GB reserved,      10.88 MB ( <1%) committed. 

Chunk freelists:
   Non-Class:  6.48 MB
       Class:  14.61 MB
        Both:  21.09 MB

MaxMetaspaceSize: unlimited
CompressedClassSpaceSize: 1.00 GB
Initial GC threshold: 21.00 MB
Current GC threshold: 21.00 MB
CDS: on
 - commit_granule_bytes: 65536.
 - commit_granule_words: 8192.
 - virtual_space_node_default_size: 8388608.
 - enlarge_chunks_in_place: 1.
 - use_allocation_guard: 0.


Internal statistics:

num_allocs_failed_limit: 0.
num_arena_births: 160.
num_arena_deaths: 0.
num_vsnodes_births: 2.
num_vsnodes_deaths: 0.
num_space_committed: 174.
num_space_uncommitted: 0.
num_chunks_returned_to_freelist: 0.
num_chunks_taken_from_freelist: 217.
num_chunk_merges: 0.
num_chunk_splits: 126.
num_chunks_enlarged: 57.
num_inconsistent_stats: 0.

CodeHeap 'non-profiled nmethods': size=120000Kb used=463Kb max_used=463Kb free=119536Kb
 bounds [0x0000024d5eea0000, 0x0000024d5f110000, 0x0000024d663d0000]
CodeHeap 'profiled nmethods': size=120000Kb used=2791Kb max_used=2791Kb free=117208Kb
 bounds [0x0000024d573d0000, 0x0000024d57690000, 0x0000024d5e900000]
CodeHeap 'non-nmethods': size=5760Kb used=1604Kb max_used=1621Kb free=4155Kb
 bounds [0x0000024d5e900000, 0x0000024d5eb70000, 0x0000024d5eea0000]
 total_blobs=2304 nmethods=1641 adapters=569
 compilation: enabled
              stopped_count=0, restarted_count=0
 full_count=0

Compilation events (20 events):
Event: 14.457 Thread 0x0000024d698e9f30 1617   !   3       java.awt.event.InvocationEvent::finishedDispatching (53 bytes)
Event: 14.457 Thread 0x0000024d698e8740 nmethod 1619 0x0000024d5ef13490 code [0x0000024d5ef13620, 0x0000024d5ef136a8]
Event: 14.458 Thread 0x0000024d698e9f30 nmethod 1617 0x0000024d5767a490 code [0x0000024d5767a660, 0x0000024d5767aa08]
Event: 14.458 Thread 0x0000024d698e9f30 1618       3       java.awt.EventQueue::coalesceMouseEvent (44 bytes)
Event: 14.458 Thread 0x0000024d698e9f30 nmethod 1618 0x0000024d5767ab90 code [0x0000024d5767ad60, 0x0000024d5767b1d8]
Event: 14.458 Thread 0x0000024d698e9f30 1620       3       java.util.concurrent.ForkJoinPool::managedBlock (36 bytes)
Event: 14.460 Thread 0x0000024d698e9f30 nmethod 1620 0x0000024d5767b390 code [0x0000024d5767b600, 0x0000024d5767c318]
Event: 14.461 Thread 0x0000024d698e9f30 1621       3       java.util.concurrent.ForkJoinPool::unmanagedBlock (31 bytes)
Event: 14.462 Thread 0x0000024d698e9f30 nmethod 1621 0x0000024d5767c690 code [0x0000024d5767c8e0, 0x0000024d5767d2a8]
Event: 14.475 Thread 0x0000024d698e9f30 1622       3       java.util.concurrent.locks.AbstractQueuedSynchronizer$ConditionObject::doSignal (54 bytes)
Event: 14.476 Thread 0x0000024d698e9f30 nmethod 1622 0x0000024d5767d590 code [0x0000024d5767d760, 0x0000024d5767db10]
Event: 14.476 Thread 0x0000024d698e9f30 1623   !   3       java.awt.EventQueue::wakeup (79 bytes)
Event: 14.477 Thread 0x0000024d698e9f30 nmethod 1623 0x0000024d5767dc90 code [0x0000024d5767dee0, 0x0000024d5767e6f8]
Event: 14.487 Thread 0x0000024d698e8740 1624       4       com.sun.media.sound.Toolkit::align (13 bytes)
Event: 14.488 Thread 0x0000024d698e9f30 1626   !   3       sun.awt.AWTAutoShutdown::notifyThreadFree (74 bytes)
Event: 14.488 Thread 0x0000024d698e8740 nmethod 1624 0x0000024d5ef13790 code [0x0000024d5ef13920, 0x0000024d5ef139e0]
Event: 14.489 Thread 0x0000024d698e9f30 nmethod 1626 0x0000024d5767eb10 code [0x0000024d5767ed00, 0x0000024d5767f218]
Event: 14.489 Thread 0x0000024d698e8740 1625   !   4       com.sun.media.sound.DirectAudioDevice$DirectDL::write (322 bytes)
Event: 14.489 Thread 0x0000024d698e9f30 1627   !   3       java.util.concurrent.locks.AbstractQueuedSynchronizer$ConditionObject::await (185 bytes)
Event: 14.493 Thread 0x0000024d698e9f30 nmethod 1627 0x0000024d5767f510 code [0x0000024d5767f8a0, 0x0000024d57680d90]

GC Heap History (2 events):
Event: 3.862 GC heap before
{Heap before GC invocations=0 (full 0):
 garbage-first heap   total 57344K, used 9216K [0x00000000c8800000, 0x0000000100000000)
  region size 1024K, 10 young (10240K), 0 survivors (0K)
 Metaspace       used 8996K, committed 9216K, reserved 1114112K
  class space    used 1040K, committed 1152K, reserved 1048576K
}
Event: 3.874 GC heap after
{Heap after GC invocations=1 (full 0):
 garbage-first heap   total 57344K, used 3344K [0x00000000c8800000, 0x0000000100000000)
  region size 1024K, 2 young (2048K), 2 survivors (2048K)
 Metaspace       used 8996K, committed 9216K, reserved 1114112K
  class space    used 1040K, committed 1152K, reserved 1048576K
}

Dll operation events (14 events):
Event: 0.313 Loaded shared library C:\Program Files\Java\jdk-21\bin\java.dll
Event: 0.418 Loaded shared library C:\Program Files\Java\jdk-21\bin\jsvml.dll
Event: 0.761 Loaded shared library C:\Program Files\Java\jdk-21\bin\zip.dll
Event: 0.775 Loaded shared library C:\Program Files\Java\jdk-21\bin\instrument.dll
Event: 0.796 Loaded shared library C:\Program Files\Java\jdk-21\bin\net.dll
Event: 0.804 Loaded shared library C:\Program Files\Java\jdk-21\bin\nio.dll
Event: 0.823 Loaded shared library C:\Program Files\Java\jdk-21\bin\zip.dll
Event: 0.859 Loaded shared library C:\Program Files\JetBrains\IntelliJ IDEA Community Edition 2023.3.4\bin\breakgen64.dll
Event: 0.915 Loaded shared library C:\Program Files\Java\jdk-21\bin\extnet.dll
Event: 0.938 Loaded shared library C:\Program Files\Java\jdk-21\bin\jimage.dll
Event: 1.006 Loaded shared library C:\Program Files\Java\jdk-21\bin\awt.dll
Event: 3.288 Loaded shared library C:\Program Files\Java\jdk-21\bin\freetype.dll
Event: 3.293 Loaded shared library C:\Program Files\Java\jdk-21\bin\fontmanager.dll
Event: 3.689 Loaded shared library C:\Program Files\Java\jdk-21\bin\jsound.dll

Deoptimization events (20 events):
Event: 3.646 Thread 0x0000024d69d627b0 DEOPT PACKING pc=0x0000024d5eec7100 sp=0x0000007375efeac0
Event: 3.646 Thread 0x0000024d69d627b0 DEOPT UNPACKING pc=0x0000024d5e9546a2 sp=0x0000007375efea10 mode 2
Event: 3.646 Thread 0x0000024d69d627b0 Uncommon trap: trap_request=0xffffffde fr.pc=0x0000024d5eec7100 relative=0x00000000000005e0
Event: 3.646 Thread 0x0000024d69d627b0 Uncommon trap: reason=class_check action=maybe_recompile pc=0x0000024d5eec7100 method=java.util.regex.Pattern$Start.match(Ljava/util/regex/Matcher;ILjava/lang/CharSequence;)Z @ 44 c2
Event: 3.646 Thread 0x0000024d69d627b0 DEOPT PACKING pc=0x0000024d5eec7100 sp=0x0000007375efeac0
Event: 3.646 Thread 0x0000024d69d627b0 DEOPT UNPACKING pc=0x0000024d5e9546a2 sp=0x0000007375efea10 mode 2
Event: 3.875 Thread 0x0000024d4effd2a0 Uncommon trap: trap_request=0xffffff45 fr.pc=0x0000024d5eeec574 relative=0x0000000000000234
Event: 3.875 Thread 0x0000024d4effd2a0 Uncommon trap: reason=unstable_if action=reinterpret pc=0x0000024d5eeec574 method=java.util.concurrent.locks.ReentrantLock$Sync.lock()V @ 4 c2
Event: 3.875 Thread 0x0000024d4effd2a0 DEOPT PACKING pc=0x0000024d5eeec574 sp=0x00000073758ff040
Event: 3.875 Thread 0x0000024d4effd2a0 DEOPT UNPACKING pc=0x0000024d5e9546a2 sp=0x00000073758fefa0 mode 2
Event: 4.573 Thread 0x0000024d69d627b0 DEOPT PACKING pc=0x0000024d57541df0 sp=0x0000007375efe470
Event: 4.573 Thread 0x0000024d69d627b0 DEOPT UNPACKING pc=0x0000024d5e954e42 sp=0x0000007375efd8f8 mode 0
Event: 10.181 Thread 0x0000024d69d627b0 Uncommon trap: trap_request=0xffffffde fr.pc=0x0000024d5eeab1b8 relative=0x0000000000000198
Event: 10.181 Thread 0x0000024d69d627b0 Uncommon trap: reason=class_check action=maybe_recompile pc=0x0000024d5eeab1b8 method=java.lang.String.equals(Ljava/lang/Object;)Z @ 8 c2
Event: 10.181 Thread 0x0000024d69d627b0 DEOPT PACKING pc=0x0000024d5eeab1b8 sp=0x0000007375efe460
Event: 10.181 Thread 0x0000024d69d627b0 DEOPT UNPACKING pc=0x0000024d5e9546a2 sp=0x0000007375efe3e8 mode 2
Event: 10.181 Thread 0x0000024d69d627b0 Uncommon trap: trap_request=0xffffffde fr.pc=0x0000024d5eeab1b8 relative=0x0000000000000198
Event: 10.181 Thread 0x0000024d69d627b0 Uncommon trap: reason=class_check action=maybe_recompile pc=0x0000024d5eeab1b8 method=java.lang.String.equals(Ljava/lang/Object;)Z @ 8 c2
Event: 10.181 Thread 0x0000024d69d627b0 DEOPT PACKING pc=0x0000024d5eeab1b8 sp=0x0000007375efe460
Event: 10.181 Thread 0x0000024d69d627b0 DEOPT UNPACKING pc=0x0000024d5e9546a2 sp=0x0000007375efe3e8 mode 2

Classes loaded (20 events):
Event: 10.176 Loading class javax/swing/JComponent$KeyboardState
Event: 10.176 Loading class javax/swing/JComponent$KeyboardState done
Event: 10.176 Loading class javax/swing/JComponent$IntVector
Event: 10.177 Loading class javax/swing/JComponent$IntVector done
Event: 10.177 Loading class javax/swing/KeyboardManager
Event: 10.178 Loading class javax/swing/KeyboardManager done
Event: 10.178 Loading class javax/swing/Popup$HeavyWeightWindow
Event: 10.178 Loading class sun/awt/ModalExclude
Event: 10.179 Loading class sun/awt/ModalExclude done
Event: 10.179 Loading class javax/swing/JWindow
Event: 10.180 Loading class javax/swing/JWindow done
Event: 10.180 Loading class javax/swing/Popup$HeavyWeightWindow done
Event: 10.181 Loading class javax/swing/JComponent$ActionStandin
Event: 10.181 Loading class javax/swing/JComponent$ActionStandin done
Event: 10.182 Loading class javax/swing/JLayer
Event: 10.184 Loading class javax/swing/JLayer done
Event: 11.006 Loading class java/awt/LightweightDispatcher$2
Event: 11.007 Loading class java/awt/LightweightDispatcher$2 done
Event: 11.620 Loading class java/awt/event/MouseWheelEvent
Event: 11.621 Loading class java/awt/event/MouseWheelEvent done

Classes unloaded (0 events):
No events

Classes redefined (0 events):
No events

Internal exceptions (16 events):
Event: 0.827 Thread 0x0000024d4ef58360 Exception <a 'java/lang/NoSuchMethodError'{0x00000000cbd379e8}: 'void java.lang.invoke.DirectMethodHandle$Holder.invokeStatic(java.lang.Object, java.lang.Object, java.lang.Object)'> (0x00000000cbd379e8) 
thrown [s\open\src\hotspot\share\interpreter\linkResolver.cpp, line 773]
Event: 0.845 Thread 0x0000024d4ef58360 Exception <a 'java/lang/NoSuchMethodError'{0x00000000cbd4f1b8}: 'java.lang.Object java.lang.invoke.Invokers$Holder.invokeExact_MT(java.lang.Object, java.lang.Object, java.lang.Object, java.lang.Object, java.lang.Object)'> (0x00000000cbd4f1b8) 
thrown [s\open\src\hotspot\share\interpreter\linkResolver.cpp, line 773]
Event: 0.922 Thread 0x0000024d69c67f00 Exception <a 'java/lang/NoSuchMethodError'{0x00000000cbd8e7f0}: 'void java.lang.invoke.DirectMethodHandle$Holder.invokeStatic(java.lang.Object, java.lang.Object)'> (0x00000000cbd8e7f0) 
thrown [s\open\src\hotspot\share\interpreter\linkResolver.cpp, line 773]
Event: 0.962 Thread 0x0000024d4ef58360 Exception <a 'java/lang/ClassNotFoundException'{0x00000000cbd738e8}: sun/awt/resources/spi/awtProvider> (0x00000000cbd738e8) 
thrown [s\open\src\hotspot\share\classfile\systemDictionary.cpp, line 312]
Event: 1.053 Thread 0x0000024d4ef58360 Exception <a 'java/io/FileNotFoundException'{0x00000000cbc09230}> (0x00000000cbc09230) 
thrown [s\open\src\hotspot\share\prims\jni.cpp, line 520]
Event: 1.148 Thread 0x0000024d4ef58360 Exception <a 'java/io/FileNotFoundException'{0x00000000cbc33038}> (0x00000000cbc33038) 
thrown [s\open\src\hotspot\share\prims\jni.cpp, line 520]
Event: 2.017 Thread 0x0000024d698e6820 Exception <a 'java/lang/NoSuchMethodError'{0x00000000cbac07a8}: 'java.lang.Object java.lang.invoke.Invokers$Holder.invokeExact_MT(java.lang.Object, java.lang.Object, java.lang.Object, java.lang.Object, java.lang.Object, java.lang.Object)'> (0x00000000cbac07a8) 
thrown [s\open\src\hotspot\share\interpreter\linkResolver.cpp, line 773]
Event: 2.435 Thread 0x0000024d69d627b0 Exception <a 'java/lang/NoSuchMethodError'{0x00000000cbb778b0}: 'void java.lang.invoke.DirectMethodHandle$Holder.invokeSpecial(java.lang.Object, java.lang.Object, java.lang.Object)'> (0x00000000cbb778b0) 
thrown [s\open\src\hotspot\share\interpreter\linkResolver.cpp, line 773]
Event: 2.490 Thread 0x0000024d69d627b0 Exception <a 'java/lang/NoSuchMethodError'{0x00000000cb9173d8}: 'java.lang.Object java.lang.invoke.DirectMethodHandle$Holder.newInvokeSpecial(java.lang.Object, java.lang.Object, java.lang.Object, java.lang.Object, java.lang.Object)'> (0x00000000cb9173d8) 
thrown [s\open\src\hotspot\share\interpreter\linkResolver.cpp, line 773]
Event: 2.525 Thread 0x0000024d69d627b0 Exception <a 'java/lang/NoSuchMethodError'{0x00000000cb942720}: 'java.lang.Object java.lang.invoke.DirectMethodHandle$Holder.invokeStatic(java.lang.Object, int, java.lang.Object)'> (0x00000000cb942720) 
thrown [s\open\src\hotspot\share\interpreter\linkResolver.cpp, line 773]
Event: 2.650 Thread 0x0000024d69d627b0 Exception <a 'java/lang/ClassNotFoundException'{0x00000000cb9e1bb0}: com/sun/swing/internal/plaf/metal/resources/spi/metalProvider> (0x00000000cb9e1bb0) 
thrown [s\open\src\hotspot\share\classfile\systemDictionary.cpp, line 312]
Event: 2.656 Thread 0x0000024d69d627b0 Exception <a 'java/lang/ClassNotFoundException'{0x00000000cb9e5ac0}: com/sun/swing/internal/plaf/basic/resources/spi/basicProvider> (0x00000000cb9e5ac0) 
thrown [s\open\src\hotspot\share\classfile\systemDictionary.cpp, line 312]
Event: 2.705 Thread 0x0000024d69d627b0 Exception <a 'java/lang/NoSuchMethodError'{0x00000000cb802078}: 'int java.lang.invoke.Invokers$Holder.invokeExact_MT(java.lang.Object, java.lang.Object)'> (0x00000000cb802078) 
thrown [s\open\src\hotspot\share\interpreter\linkResolver.cpp, line 773]
Event: 2.733 Thread 0x0000024d69d627b0 Implicit null exception at 0x0000024d5eed19ed to 0x0000024d5eed21e9
Event: 4.391 Thread 0x0000024d69d56bb0 Exception <a 'java/lang/NoSuchMethodError'{0x00000000cbf70ec0}: 'void java.lang.invoke.DirectMethodHandle$Holder.invokeVirtual(java.lang.Object, java.lang.Object)'> (0x00000000cbf70ec0) 
thrown [s\open\src\hotspot\share\interpreter\linkResolver.cpp, line 773]
Event: 4.485 Thread 0x0000024d69d627b0 Exception <a 'java/lang/NoSuchMethodError'{0x00000000cbf59ad0}: 'void java.lang.invoke.DirectMethodHandle$Holder.invokeStaticInit(java.lang.Object)'> (0x00000000cbf59ad0) 
thrown [s\open\src\hotspot\share\interpreter\linkResolver.cpp, line 773]

ZGC Phase Switch (0 events):
No events

VM Operations (20 events):
Event: 3.861 Executing VM operation: G1TryInitiateConcMark (G1 Humongous Allocation)
Event: 3.874 Executing VM operation: G1TryInitiateConcMark (G1 Humongous Allocation) done
Event: 5.558 Executing VM operation: HandshakeAllThreads (Deoptimize)
Event: 5.559 Executing VM operation: HandshakeAllThreads (Deoptimize) done
Event: 5.559 Executing VM operation: Cleanup
Event: 5.559 Executing VM operation: Cleanup done
Event: 5.661 Executing VM operation: HandshakeAllThreads (Deoptimize)
Event: 5.661 Executing VM operation: HandshakeAllThreads (Deoptimize) done
Event: 6.662 Executing VM operation: Cleanup
Event: 6.662 Executing VM operation: Cleanup done
Event: 7.663 Executing VM operation: Cleanup
Event: 7.663 Executing VM operation: Cleanup done
Event: 9.664 Executing VM operation: Cleanup
Event: 9.664 Executing VM operation: Cleanup done
Event: 10.665 Executing VM operation: Cleanup
Event: 10.670 Executing VM operation: Cleanup done
Event: 11.670 Executing VM operation: Cleanup
Event: 11.679 Executing VM operation: Cleanup done
Event: 12.679 Executing VM operation: Cleanup
Event: 12.684 Executing VM operation: Cleanup done

Events (20 events):
Event: 0.413 Thread 0x0000024d698e6820 Thread added: 0x0000024d698e6820
Event: 0.414 Thread 0x0000024d698e7280 Thread added: 0x0000024d698e7280
Event: 0.414 Thread 0x0000024d698e7ce0 Thread added: 0x0000024d698e7ce0
Event: 0.414 Thread 0x0000024d698e8740 Thread added: 0x0000024d698e8740
Event: 0.414 Thread 0x0000024d698e9f30 Thread added: 0x0000024d698e9f30
Event: 0.542 Thread 0x0000024d4effd2a0 Thread added: 0x0000024d4effd2a0
Event: 0.861 Thread 0x0000024d69c67f00 Thread added: 0x0000024d69c67f00
Event: 0.862 Thread 0x0000024d69c69860 Thread added: 0x0000024d69c69860
Event: 1.493 Thread 0x0000024d69d4cfa0 Thread added: 0x0000024d69d4cfa0
Event: 1.509 Thread 0x0000024d69d560c0 Thread added: 0x0000024d69d560c0
Event: 1.516 Thread 0x0000024d69d56bb0 Thread added: 0x0000024d69d56bb0
Event: 1.594 Thread 0x0000024d69d627b0 Thread added: 0x0000024d69d627b0
Event: 1.597 Thread 0x0000024d4ef58360 Thread exited: 0x0000024d4ef58360
Event: 1.597 Thread 0x0000024d4ef58360 Thread added: 0x0000024d4ef58360
Event: 1.981 Thread 0x0000024d69e9d400 Thread added: 0x0000024d69e9d400
Event: 2.297 Thread 0x0000024d69e9d400 Thread exited: 0x0000024d69e9d400
Event: 3.521 Thread 0x0000024d6f155ed0 Thread added: 0x0000024d6f155ed0
Event: 4.328 Thread 0x0000024d69c64ed0 Thread added: 0x0000024d69c64ed0
Event: 4.361 Thread 0x0000024d6f1e19a0 Thread added: 0x0000024d6f1e19a0
Event: 4.806 Thread 0x0000024d6f2a8f30 Thread added: 0x0000024d6f2a8f30


Dynamic libraries:
0x00007ff7b73e0000 - 0x00007ff7b73f0000 	C:\Program Files\Java\jdk-21\bin\java.exe
0x00007ff8c8ff0000 - 0x00007ff8c91e8000 	C:\Windows\SYSTEM32\ntdll.dll
0x00007ff8c8120000 - 0x00007ff8c81e2000 	C:\Windows\System32\KERNEL32.DLL
0x00007ff8c69a0000 - 0x00007ff8c6c9e000 	C:\Windows\System32\KERNELBASE.dll
0x00007ff8c6ea0000 - 0x00007ff8c6fa0000 	C:\Windows\System32\ucrtbase.dll
0x00007ff8c34c0000 - 0x00007ff8c34db000 	C:\Program Files\Java\jdk-21\bin\VCRUNTIME140.dll
0x00007ff8c30a0000 - 0x00007ff8c30b9000 	C:\Program Files\Java\jdk-21\bin\jli.dll
0x00007ff8c85e0000 - 0x00007ff8c8691000 	C:\Windows\System32\ADVAPI32.dll
0x00007ff8c8000000 - 0x00007ff8c809e000 	C:\Windows\System32\msvcrt.dll
0x00007ff8c81f0000 - 0x00007ff8c828f000 	C:\Windows\System32\sechost.dll
0x00007ff8c8290000 - 0x00007ff8c83b3000 	C:\Windows\System32\RPCRT4.dll
0x00007ff8c66e0000 - 0x00007ff8c6707000 	C:\Windows\System32\bcrypt.dll
0x00007ff8c87d0000 - 0x00007ff8c896d000 	C:\Windows\System32\USER32.dll
0x00007ff8c68e0000 - 0x00007ff8c6902000 	C:\Windows\System32\win32u.dll
0x00007ff8c7ea0000 - 0x00007ff8c7ecb000 	C:\Windows\System32\GDI32.dll
0x00007ff8c67c0000 - 0x00007ff8c68d7000 	C:\Windows\System32\gdi32full.dll
0x00007ff8c6ca0000 - 0x00007ff8c6d3d000 	C:\Windows\System32\msvcp_win.dll
0x00007ff8b6d60000 - 0x00007ff8b6ffa000 	C:\Windows\WinSxS\amd64_microsoft.windows.common-controls_6595b64144ccf1df_6.0.19041.4355_none_60b8b9eb71f62e16\COMCTL32.dll
0x00007ff8bc650000 - 0x00007ff8bc65a000 	C:\Windows\SYSTEM32\VERSION.dll
0x00007ff8c8f80000 - 0x00007ff8c8faf000 	C:\Windows\System32\IMM32.DLL
0x00007ff8c30e0000 - 0x00007ff8c30ec000 	C:\Program Files\Java\jdk-21\bin\vcruntime140_1.dll
0x00007ff8b80d0000 - 0x00007ff8b815e000 	C:\Program Files\Java\jdk-21\bin\msvcp140.dll
0x00007ff87b010000 - 0x00007ff87bd27000 	C:\Program Files\Java\jdk-21\bin\server\jvm.dll
0x00007ff8c8760000 - 0x00007ff8c87cb000 	C:\Windows\System32\WS2_32.dll
0x00007ff8c6440000 - 0x00007ff8c648b000 	C:\Windows\SYSTEM32\POWRPROF.dll
0x00007ff8bc660000 - 0x00007ff8bc687000 	C:\Windows\SYSTEM32\WINMM.dll
0x00007ff8c6420000 - 0x00007ff8c6432000 	C:\Windows\SYSTEM32\UMPDC.dll
0x00007ff8c44d0000 - 0x00007ff8c44e2000 	C:\Windows\SYSTEM32\kernel.appcore.dll
0x00007ff8c3090000 - 0x00007ff8c309a000 	C:\Program Files\Java\jdk-21\bin\jimage.dll
0x00007ff8b1960000 - 0x00007ff8b1b44000 	C:\Windows\SYSTEM32\DBGHELP.DLL
0x00007ff8b1050000 - 0x00007ff8b1084000 	C:\Windows\SYSTEM32\dbgcore.DLL
0x00007ff8c6910000 - 0x00007ff8c6992000 	C:\Windows\System32\bcryptPrimitives.dll
0x00007ff8c2f30000 - 0x00007ff8c2f3f000 	C:\Program Files\Java\jdk-21\bin\instrument.dll
0x00007ff8c2e20000 - 0x00007ff8c2e3f000 	C:\Program Files\Java\jdk-21\bin\java.dll
0x00007ff8c7300000 - 0x00007ff8c7a6d000 	C:\Windows\System32\SHELL32.dll
0x00007ff8c46d0000 - 0x00007ff8c4e74000 	C:\Windows\SYSTEM32\windows.storage.dll
0x00007ff8c7b40000 - 0x00007ff8c7e93000 	C:\Windows\System32\combase.dll
0x00007ff8c5f10000 - 0x00007ff8c5f3e000 	C:\Windows\SYSTEM32\Wldp.dll
0x00007ff8c8510000 - 0x00007ff8c85dd000 	C:\Windows\System32\OLEAUT32.dll
0x00007ff8c86a0000 - 0x00007ff8c874d000 	C:\Windows\System32\SHCORE.dll
0x00007ff8c7a70000 - 0x00007ff8c7ac5000 	C:\Windows\System32\shlwapi.dll
0x00007ff8c65c0000 - 0x00007ff8c65e4000 	C:\Windows\SYSTEM32\profapi.dll
0x00007ff8b7ba0000 - 0x00007ff8b7c77000 	C:\Program Files\Java\jdk-21\bin\jsvml.dll
0x00007ff8c2d70000 - 0x00007ff8c2d88000 	C:\Program Files\Java\jdk-21\bin\zip.dll
0x00007ff8c3080000 - 0x00007ff8c3090000 	C:\Program Files\Java\jdk-21\bin\net.dll
0x00007ff8bff10000 - 0x00007ff8c001d000 	C:\Windows\SYSTEM32\WINHTTP.dll
0x00007ff8c5cf0000 - 0x00007ff8c5d5a000 	C:\Windows\system32\mswsock.dll
0x00007ff8c2d50000 - 0x00007ff8c2d66000 	C:\Program Files\Java\jdk-21\bin\nio.dll
0x00007ff8bf4a0000 - 0x00007ff8bf4ba000 	C:\Program Files\JetBrains\IntelliJ IDEA Community Edition 2023.3.4\bin\breakgen64.dll
0x00007ff8c2d40000 - 0x00007ff8c2d49000 	C:\Program Files\Java\jdk-21\bin\extnet.dll
0x00007ff88bba0000 - 0x00007ff88bd2f000 	C:\Program Files\Java\jdk-21\bin\awt.dll
0x00007ff8c33f0000 - 0x00007ff8c3484000 	C:\Windows\SYSTEM32\apphelp.dll
0x00007ff8c3fe0000 - 0x00007ff8c407e000 	C:\Windows\system32\uxtheme.dll
0x00007ff8c89f0000 - 0x00007ff8c8b05000 	C:\Windows\System32\MSCTF.dll
0x00007ff8c7ed0000 - 0x00007ff8c7ffb000 	C:\Windows\System32\ole32.dll
0x00007ff8c43c0000 - 0x00007ff8c43ef000 	C:\Windows\system32\DWMAPI.DLL
0x00007ff8b3b40000 - 0x00007ff8b3c68000 	C:\Windows\system32\opengl32.dll
0x00007ff8b32b0000 - 0x00007ff8b32dc000 	C:\Windows\SYSTEM32\GLU32.dll
0x00007ff8b32e0000 - 0x00007ff8b34b1000 	C:\Windows\system32\d3d9.dll
0x00007ff8bc690000 - 0x00007ff8bc86b000 	C:\Windows\System32\DriverStore\FileRepository\u0360470.inf_amd64_35c64671e7fac064\B360357\aticfx64.dll
0x00007ff8b9e40000 - 0x00007ff8b9e73000 	C:\Windows\System32\DriverStore\FileRepository\u0360470.inf_amd64_35c64671e7fac064\B360357\atiu9p64.dll
0x00007ff8786b0000 - 0x00007ff879346000 	C:\Windows\System32\DriverStore\FileRepository\u0360470.inf_amd64_35c64671e7fac064\B360357\atiumd64.dll
0x0000000069380000 - 0x000000006a1f9000 	C:\Windows\System32\DriverStore\FileRepository\u0360470.inf_amd64_35c64671e7fac064\B360357\atiumd6a.dll
0x00007ff8b8cf0000 - 0x00007ff8b8d1f000 	C:\Windows\SYSTEM32\amdihk64.dll
0x00007ff8bd6a0000 - 0x00007ff8bd6db000 	C:\Windows\SYSTEM32\dxcore.dll
0x00007ff8c6690000 - 0x00007ff8c66de000 	C:\Windows\System32\cfgmgr32.dll
0x00007ff895fc0000 - 0x00007ff896047000 	C:\Program Files\Java\jdk-21\bin\freetype.dll
0x00007ff88b460000 - 0x00007ff88b542000 	C:\Program Files\Java\jdk-21\bin\fontmanager.dll
0x00007ff8bd6e0000 - 0x00007ff8bd6f2000 	C:\Program Files\Java\jdk-21\bin\jsound.dll
0x00007ff8b9d00000 - 0x00007ff8b9d9c000 	C:\Windows\SYSTEM32\DSOUND.dll
0x00007ff8a5560000 - 0x00007ff8a5586000 	C:\Windows\SYSTEM32\winmmbase.dll
0x00007ff8c7010000 - 0x00007ff8c70b9000 	C:\Windows\System32\clbcatq.dll
0x00007ff8c0210000 - 0x00007ff8c0295000 	C:\Windows\System32\MMDevApi.dll
0x00007ff8c63b0000 - 0x00007ff8c63e3000 	C:\Windows\System32\DEVOBJ.dll
0x00007ff89e940000 - 0x00007ff89e986000 	C:\Windows\SYSTEM32\wdmaud.drv
0x00007ff8c09d0000 - 0x00007ff8c09da000 	C:\Windows\SYSTEM32\AVRT.dll
0x00007ff8bf760000 - 0x00007ff8bf769000 	C:\Windows\SYSTEM32\ksuser.dll
0x00007ff8c02c0000 - 0x00007ff8c0441000 	C:\Windows\SYSTEM32\AUDIOSES.DLL
0x00007ff8bf570000 - 0x00007ff8bf57d000 	C:\Windows\SYSTEM32\msacm32.drv
0x00007ff8ba730000 - 0x00007ff8ba74e000 	C:\Windows\SYSTEM32\MSACM32.dll
0x00007ff8bd4f0000 - 0x00007ff8bd4fb000 	C:\Windows\SYSTEM32\midimap.dll
0x00007ff8c40c0000 - 0x00007ff8c40d4000 	C:\Windows\SYSTEM32\resourcepolicyclient.dll
0x00007ff8c3dd0000 - 0x00007ff8c3f84000 	C:\Windows\SYSTEM32\WindowsCodecs.dll
0x00007ff8a6d00000 - 0x00007ff8a6d3e000 	C:\Windows\system32\dataexchange.dll
0x00007ff8c1a50000 - 0x00007ff8c1cb3000 	C:\Windows\system32\d3d11.dll
0x00007ff8c1d30000 - 0x00007ff8c1f14000 	C:\Windows\system32\dcomp.dll
0x00007ff8c4ee0000 - 0x00007ff8c4fd6000 	C:\Windows\system32\dxgi.dll
0x00007ff8beae0000 - 0x00007ff8bece3000 	C:\Windows\system32\twinapi.appcore.dll
0x00007ff8bc9d0000 - 0x00007ff8bcac9000 	C:\Windows\SYSTEM32\textinputframework.dll
0x00007ff8c27d0000 - 0x00007ff8c28c2000 	C:\Windows\System32\CoreMessaging.dll
0x00007ff8c2470000 - 0x00007ff8c27cb000 	C:\Windows\System32\CoreUIComponents.dll
0x00007ff8c5880000 - 0x00007ff8c58b3000 	C:\Windows\SYSTEM32\ntmarta.dll
0x00007ff8c3200000 - 0x00007ff8c3357000 	C:\Windows\SYSTEM32\wintypes.dll
0x00007ff8bcad0000 - 0x00007ff8bcc0f000 	C:\Windows\System32\Windows.UI.dll
0x00007ff8be9e0000 - 0x00007ff8bea81000 	C:\Windows\System32\WindowManagementAPI.dll
0x00007ff8bc870000 - 0x00007ff8bc9c2000 	C:\Windows\System32\InputHost.dll
0x00007ff8c3800000 - 0x00007ff8c38f6000 	C:\Windows\System32\PROPSYS.dll

dbghelp: loaded successfully - version: 4.0.5 - missing functions: none
symbol engine: initialized successfully - sym options: 0x614 - pdb path: .;C:\Program Files\Java\jdk-21\bin;C:\Windows\SYSTEM32;C:\Windows\WinSxS\amd64_microsoft.windows.common-controls_6595b64144ccf1df_6.0.19041.4355_none_60b8b9eb71f62e16;C:\Program Files\Java\jdk-21\bin\server;C:\Program Files\JetBrains\IntelliJ IDEA Community Edition 2023.3.4\bin;C:\Windows\System32\DriverStore\FileRepository\u0360470.inf_amd64_35c64671e7fac064\B360357

VM Arguments:
jvm_args: -javaagent:C:\Program Files\JetBrains\IntelliJ IDEA Community Edition 2023.3.4\lib\idea_rt.jar=62959:C:\Program Files\JetBrains\IntelliJ IDEA Community Edition 2023.3.4\bin -Dfile.encoding=UTF-8 -Dsun.stdout.encoding=UTF-8 -Dsun.stderr.encoding=UTF-8 
java_command: Sudoku.SudokuMain
java_class_path (initial): C:\Users\FARIS\Documents\CapstoneASD-C-Kelompok11-\out\production\Capstone ASD TicTacToe
Launcher Type: SUN_STANDARD

[Global flags]
     intx CICompilerCount                          = 3                                         {product} {ergonomic}
     uint ConcGCThreads                            = 1                                         {product} {ergonomic}
     uint G1ConcRefinementThreads                  = 4                                         {product} {ergonomic}
   size_t G1HeapRegionSize                         = 1048576                                   {product} {ergonomic}
    uintx GCDrainStackTargetSize                   = 64                                        {product} {ergonomic}
   size_t InitialHeapSize                          = 58720256                                  {product} {ergonomic}
   size_t MarkStackSize                            = 4194304                                   {product} {ergonomic}
   size_t MaxHeapSize                              = 931135488                                 {product} {ergonomic}
   size_t MaxNewSize                               = 557842432                                 {product} {ergonomic}
   size_t MinHeapDeltaBytes                        = 1048576                                   {product} {ergonomic}
   size_t MinHeapSize                              = 8388608                                   {product} {ergonomic}
    uintx NonNMethodCodeHeapSize                   = 5832780                                {pd product} {ergonomic}
    uintx NonProfiledCodeHeapSize                  = 122912730                              {pd product} {ergonomic}
    uintx ProfiledCodeHeapSize                     = 122912730                              {pd product} {ergonomic}
    uintx ReservedCodeCacheSize                    = 251658240                              {pd product} {ergonomic}
     bool SegmentedCodeCache                       = true                                      {product} {ergonomic}
   size_t SoftMaxHeapSize                          = 931135488                              {manageable} {ergonomic}
     bool UseCompressedOops                        = true                           {product lp64_product} {ergonomic}
     bool UseG1GC                                  = true                                      {product} {ergonomic}
     bool UseLargePagesIndividualAllocation        = false                                  {pd product} {ergonomic}

Logging:
Log output configuration:
 #0: stdout all=warning uptime,level,tags foldmultilines=false
 #1: stderr all=off uptime,level,tags foldmultilines=false

Environment Variables:
PATH=C:\Program Files\Common Files\Oracle\Java\javapath;C:\Windows\system32;C:\Windows;C:\Windows\System32\Wbem;C:\Windows\System32\WindowsPowerShell\v1.0\;C:\Windows\System32\OpenSSH\;C:\Program Files\PostgreSQL\17\bin;C:\Program Files\Docker\Docker\resources\bin;C:\Program Files\Git\cmd;C:\Ruby33-x64\bin;C:\Program Files\MySQL\MySQL Shell 8.0\bin\;C:\Users\FARIS\AppData\Local\Microsoft\WindowsApps;;C:\Users\FARIS\AppData\Local\Programs\Microsoft VS Code\bin;C:\Program Files\JetBrains\IntelliJ IDEA Community Edition 2023.3.4\bin;
USERNAME=SHAFLY
OS=Windows_NT
PROCESSOR_IDENTIFIER=AMD64 Family 22 Model 48 Stepping 1, AuthenticAMD
TMP=C:\Users\FARIS\AppData\Local\Temp
TEMP=C:\Users\FARIS\AppData\Local\Temp




Periodic native trim disabled

---------------  S Y S T E M  ---------------

OS:
 Windows 10 , 64 bit Build 19041 (10.0.19041.5072)
OS uptime: 2 days 5:00 hours
Hyper-V role detected

CPU: total 4 (initial active 4) (4 cores per cpu, 1 threads per core) family 22 model 48 stepping 1 microcode 0x0, cx8, cmov, fxsr, mmx, 3dnowpref, sse, sse2, sse3, ssse3, sse4a, sse4.1, sse4.2, popcnt, lzcnt, tsc, tscinvbit, avx, aes, clmul, bmi1, vzeroupper, clflush, hv, rdtscp, f16c
Processor Information for all 4 processors :
  Max Mhz: 2200, Current Mhz: 2200, Mhz Limit: 2200

Memory: 4k page, system-wide physical 3546M (353M free)
TotalPageFile size 7642M (AvailPageFile size 0M)
current process WorkingSet (physical memory assigned to process): 162M, peak: 196M
current process commit charge ("private bytes"): 197M, peak: 236M

vm_info: Java HotSpot(TM) 64-Bit Server VM (21.0.2+13-LTS-58) for windows-amd64 JRE (21.0.2+13-LTS-58), built on 2024-01-05T18:32:24Z by "mach5one" with MS VC++ 17.1 (VS2022)

END.
